0 verbose cli /usr/local/bin/node /usr/local/bin/npm
1 info using npm@11.13.0
2 info using node@v24.17.0
3 silly config load:file:/usr/local/lib/node_modules/npm/npmrc
4 silly config load:file:/Users/Apple/Downloads/Github/Hotel-PMS-Web-App/hotel-booking-web/.npmrc
5 silly config load:file:/Users/Apple/.npmrc
6 silly config load:file:/usr/local/etc/npmrc
7 verbose title npm install
8 verbose argv "install"
9 verbose logfile logs-max:10 dir:/Users/Apple/Downloads/Github/Hotel-PMS-Web-App/hotel-booking-web/.npm-cache/_logs/2026-06-29T01_58_00_216Z-
10 verbose logfile /Users/Apple/Downloads/Github/Hotel-PMS-Web-App/hotel-booking-web/.npm-cache/_logs/2026-06-29T01_58_00_216Z-debug-0.log
11 silly logfile done cleaning log files
12 silly packumentCache heap:2348810240 maxSize:587202560 maxEntrySize:293601280
13 silly idealTree buildDeps
14 silly fetch manifest @vitejs/plugin-react@5.0.4
15 silly packumentCache full:https://registry.npmjs.org/@vitejs%2fplugin-react cache-miss
16 http fetch GET 200 https://registry.npmjs.org/@vitejs%2fplugin-react 788ms (cache miss)
17 silly packumentCache full:https://registry.npmjs.org/@vitejs%2fplugin-react set size:undefined disposed:false
18 silly fetch manifest vite@6.4.2
19 silly packumentCache full:https://registry.npmjs.org/vite cache-miss
20 http fetch GET 200 https://registry.npmjs.org/npm 1181ms
21 http fetch GET 200 https://registry.npmjs.org/vite 2877ms (cache miss)
22 silly packumentCache full:https://registry.npmjs.org/vite set size:undefined disposed:false
23 silly fetch manifest @types/node@^18.0.0 || ^20.0.0 || >=22.0.0
24 silly packumentCache full:https://registry.npmjs.org/@types%2fnode cache-miss
25 http fetch GET 200 https://registry.npmjs.org/@types%2fnode 1125ms (cache miss)
26 silly packumentCache full:https://registry.npmjs.org/@types%2fnode set size:undefined disposed:false
27 silly fetch manifest jiti@>=1.21.0
28 silly packumentCache full:https://registry.npmjs.org/jiti cache-miss
29 http fetch GET 200 https://registry.npmjs.org/jiti 209ms (cache miss)
30 silly packumentCache full:https://registry.npmjs.org/jiti set size:undefined disposed:false
31 silly fetch manifest less@*
32 silly packumentCache full:https://registry.npmjs.org/less cache-miss
33 http fetch GET 200 https://registry.npmjs.org/less 213ms (cache miss)
34 silly packumentCache full:https://registry.npmjs.org/less set size:undefined disposed:false
35 silly fetch manifest lightningcss@^1.21.0
36 silly packumentCache full:https://registry.npmjs.org/lightningcss cache-miss
37 http fetch GET 200 https://registry.npmjs.org/lightningcss 269ms (cache miss)
38 silly packumentCache full:https://registry.npmjs.org/lightningcss set size:undefined disposed:false
39 silly fetch manifest sass@*
40 silly packumentCache full:https://registry.npmjs.org/sass cache-miss
41 http fetch GET 200 https://registry.npmjs.org/sass 323ms (cache miss)
42 silly packumentCache full:https://registry.npmjs.org/sass set size:undefined disposed:false
43 silly fetch manifest sass-embedded@*
44 silly packumentCache full:https://registry.npmjs.org/sass-embedded cache-miss
45 http fetch GET 200 https://registry.npmjs.org/sass-embedded 187ms (cache miss)
46 silly packumentCache full:https://registry.npmjs.org/sass-embedded set size:undefined disposed:false
47 silly fetch manifest stylus@*
48 silly packumentCache full:https://registry.npmjs.org/stylus cache-miss
49 http fetch GET 200 https://registry.npmjs.org/stylus 211ms (cache miss)
50 silly packumentCache full:https://registry.npmjs.org/stylus set size:undefined disposed:false
51 silly fetch manifest sugarss@*
52 silly packumentCache full:https://registry.npmjs.org/sugarss cache-miss
53 http fetch GET 200 https://registry.npmjs.org/sugarss 185ms (cache miss)
54 silly packumentCache full:https://registry.npmjs.org/sugarss set size:undefined disposed:false
55 silly fetch manifest postcss@^8.3.3
56 silly packumentCache full:https://registry.npmjs.org/postcss cache-miss
57 http fetch GET 200 https://registry.npmjs.org/postcss 274ms (cache miss)
58 silly packumentCache full:https://registry.npmjs.org/postcss set size:undefined disposed:false
59 silly fetch manifest terser@^5.16.0
60 silly packumentCache full:https://registry.npmjs.org/terser cache-miss
61 http fetch GET 200 https://registry.npmjs.org/terser 352ms (cache miss)
62 silly packumentCache full:https://registry.npmjs.org/terser set size:undefined disposed:false
63 silly fetch manifest tsx@^4.8.1
64 silly packumentCache full:https://registry.npmjs.org/tsx cache-miss
65 http fetch GET 200 https://registry.npmjs.org/tsx 194ms (cache miss)
66 silly packumentCache full:https://registry.npmjs.org/tsx set size:undefined disposed:false
67 silly fetch manifest yaml@^2.4.2
68 silly packumentCache full:https://registry.npmjs.org/yaml cache-miss
69 http fetch GET 200 https://registry.npmjs.org/yaml 258ms (cache miss)
70 silly packumentCache full:https://registry.npmjs.org/yaml set size:undefined disposed:false
71 silly fetch manifest react@19.2.0
72 silly packumentCache full:https://registry.npmjs.org/react cache-miss
73 http fetch GET 200 https://registry.npmjs.org/react 903ms (cache miss)
74 silly packumentCache full:https://registry.npmjs.org/react set size:undefined disposed:false
75 silly fetch manifest react-dom@19.2.0
76 silly packumentCache full:https://registry.npmjs.org/react-dom cache-miss
77 http fetch GET 200 https://registry.npmjs.org/react-dom 1072ms (cache miss)
78 silly packumentCache full:https://registry.npmjs.org/react-dom set size:undefined disposed:false
79 silly placeDep ROOT @vitejs/plugin-react@5.0.4 OK for: hotel-booking-web@0.0.0 want: 5.0.4
80 silly placeDep ROOT vite@6.4.2 OK for: @vitejs/plugin-react@5.0.4 want: ^4.2.0 || ^5.0.0 || ^6.0.0 || ^7.0.0
81 silly placeDep ROOT react@19.2.0 OK for: hotel-booking-web@0.0.0 want: 19.2.0
82 silly placeDep ROOT react-dom@19.2.0 OK for: hotel-booking-web@0.0.0 want: 19.2.0
83 silly fetch manifest @babel/core@^7.28.4
84 silly packumentCache full:https://registry.npmjs.org/@babel%2fcore cache-miss
85 silly fetch manifest react-refresh@^0.17.0
86 silly packumentCache full:https://registry.npmjs.org/react-refresh cache-miss
87 silly fetch manifest @types/babel__core@^7.20.5
88 silly packumentCache full:https://registry.npmjs.org/@types%2fbabel__core cache-miss
89 silly fetch manifest @rolldown/pluginutils@1.0.0-beta.38
90 silly packumentCache full:https://registry.npmjs.org/@rolldown%2fpluginutils cache-miss
91 silly fetch manifest @babel/plugin-transform-react-jsx-self@^7.27.1
92 silly packumentCache full:https://registry.npmjs.org/@babel%2fplugin-transform-react-jsx-self cache-miss
93 silly fetch manifest @babel/plugin-transform-react-jsx-source@^7.27.1
94 silly packumentCache full:https://registry.npmjs.org/@babel%2fplugin-transform-react-jsx-source cache-miss
95 silly fetch manifest fdir@^6.4.4
96 silly packumentCache full:https://registry.npmjs.org/fdir cache-miss
97 http fetch GET 200 https://registry.npmjs.org/@babel%2fcore 344ms (cache miss)
98 silly packumentCache full:https://registry.npmjs.org/@babel%2fcore set size:undefined disposed:false
99 silly fetch manifest rollup@^4.34.9
100 silly packumentCache full:https://registry.npmjs.org/rollup cache-miss
101 http fetch GET 200 https://registry.npmjs.org/rollup 802ms (cache miss)
102 silly packumentCache full:https://registry.npmjs.org/rollup set size:undefined disposed:false
103 silly fetch manifest esbuild@^0.25.0
104 silly packumentCache full:https://registry.npmjs.org/esbuild cache-miss
105 http fetch GET 200 https://registry.npmjs.org/react-refresh 1388ms (cache miss)
106 silly packumentCache full:https://registry.npmjs.org/react-refresh set size:undefined disposed:false
107 silly fetch manifest postcss@^8.5.3
108 silly packumentCache full:https://registry.npmjs.org/postcss cache-miss
109 http cache https://registry.npmjs.org/postcss 6ms (cache hit)
110 silly packumentCache full:https://registry.npmjs.org/postcss set size:726591 disposed:false
111 silly fetch manifest picomatch@^4.0.2
112 silly packumentCache full:https://registry.npmjs.org/picomatch cache-miss
113 http fetch GET 200 https://registry.npmjs.org/fdir 1607ms (cache miss)
114 silly packumentCache full:https://registry.npmjs.org/fdir set size:undefined disposed:false
115 silly fetch manifest tinyglobby@^0.2.13
116 silly packumentCache full:https://registry.npmjs.org/tinyglobby cache-miss
117 http fetch GET 200 https://registry.npmjs.org/@rolldown%2fpluginutils 1652ms (cache miss)
118 silly packumentCache full:https://registry.npmjs.org/@rolldown%2fpluginutils set size:undefined disposed:false
119 silly fetch manifest fsevents@~2.3.3
120 silly packumentCache full:https://registry.npmjs.org/fsevents cache-miss
121 http fetch GET 200 https://registry.npmjs.org/@types%2fbabel__core 1699ms (cache miss)
122 silly packumentCache full:https://registry.npmjs.org/@types%2fbabel__core set size:undefined disposed:false
123 silly fetch manifest scheduler@^0.27.0
124 silly packumentCache full:https://registry.npmjs.org/scheduler cache-miss
125 http fetch GET 200 https://registry.npmjs.org/esbuild 631ms (cache miss)
126 silly packumentCache full:https://registry.npmjs.org/esbuild set size:undefined disposed:false
127 http fetch GET 200 https://registry.npmjs.org/@babel%2fplugin-transform-react-jsx-source 1893ms (cache miss)
128 silly packumentCache full:https://registry.npmjs.org/@babel%2fplugin-transform-react-jsx-source set size:undefined disposed:false
129 http fetch GET 200 https://registry.npmjs.org/tinyglobby 288ms (cache miss)
130 silly packumentCache full:https://registry.npmjs.org/tinyglobby set size:undefined disposed:false
131 http fetch GET 200 https://registry.npmjs.org/@babel%2fplugin-transform-react-jsx-self 1896ms (cache miss)
132 silly packumentCache full:https://registry.npmjs.org/@babel%2fplugin-transform-react-jsx-self set size:undefined disposed:false
133 http fetch GET 200 https://registry.npmjs.org/picomatch 469ms (cache miss)
134 silly packumentCache full:https://registry.npmjs.org/picomatch set size:undefined disposed:false
135 http fetch GET 200 https://registry.npmjs.org/fsevents 247ms (cache miss)
136 silly packumentCache full:https://registry.npmjs.org/fsevents set size:undefined disposed:false
137 http fetch GET 200 https://registry.npmjs.org/scheduler 1362ms (cache miss)
138 silly packumentCache full:https://registry.npmjs.org/scheduler set size:undefined disposed:false
139 silly placeDep ROOT @babel/core@7.29.7 OK for: @vitejs/plugin-react@5.0.4 want: ^7.28.4
140 silly placeDep ROOT @babel/plugin-transform-react-jsx-self@7.29.7 OK for: @vitejs/plugin-react@5.0.4 want: ^7.27.1
141 silly placeDep ROOT @babel/plugin-transform-react-jsx-source@7.29.7 OK for: @vitejs/plugin-react@5.0.4 want: ^7.27.1
142 silly placeDep ROOT @rolldown/pluginutils@1.0.0-beta.38 OK for: @vitejs/plugin-react@5.0.4 want: 1.0.0-beta.38
143 silly placeDep ROOT @types/babel__core@7.20.5 OK for: @vitejs/plugin-react@5.0.4 want: ^7.20.5
144 silly placeDep ROOT react-refresh@0.17.0 OK for: @vitejs/plugin-react@5.0.4 want: ^0.17.0
145 silly fetch manifest debug@^4.1.0
146 silly packumentCache full:https://registry.npmjs.org/debug cache-miss
147 silly fetch manifest json5@^2.2.3
148 silly packumentCache full:https://registry.npmjs.org/json5 cache-miss
149 silly fetch manifest semver@^6.3.1
150 silly packumentCache full:https://registry.npmjs.org/semver cache-miss
151 silly fetch manifest gensync@^1.0.0-beta.2
152 silly packumentCache full:https://registry.npmjs.org/gensync cache-miss
153 silly fetch manifest @babel/types@^7.29.7
154 silly packumentCache full:https://registry.npmjs.org/@babel%2ftypes cache-miss
155 silly fetch manifest @babel/parser@^7.29.7
156 silly packumentCache full:https://registry.npmjs.org/@babel%2fparser cache-miss
157 silly fetch manifest @babel/helpers@^7.29.7
158 silly packumentCache full:https://registry.npmjs.org/@babel%2fhelpers cache-miss
159 http fetch GET 200 https://registry.npmjs.org/debug 208ms (cache miss)
160 silly packumentCache full:https://registry.npmjs.org/debug set size:undefined disposed:false
161 silly fetch manifest @babel/template@^7.29.7
162 silly packumentCache full:https://registry.npmjs.org/@babel%2ftemplate cache-miss
163 http fetch GET 200 https://registry.npmjs.org/gensync 220ms (cache miss)
164 silly packumentCache full:https://registry.npmjs.org/gensync set size:undefined disposed:false
165 silly fetch manifest @babel/traverse@^7.29.7
166 silly packumentCache full:https://registry.npmjs.org/@babel%2ftraverse cache-miss
167 http fetch GET 200 https://registry.npmjs.org/json5 247ms (cache miss)
168 silly packumentCache full:https://registry.npmjs.org/json5 set size:undefined disposed:false
169 silly fetch manifest @babel/generator@^7.29.7
170 silly packumentCache full:https://registry.npmjs.org/@babel%2fgenerator cache-miss
171 http fetch GET 200 https://registry.npmjs.org/@babel%2fhelpers 383ms (cache miss)
172 silly packumentCache full:https://registry.npmjs.org/@babel%2fhelpers set size:undefined disposed:false
173 silly fetch manifest @babel/code-frame@^7.29.7
174 silly packumentCache full:https://registry.npmjs.org/@babel%2fcode-frame cache-miss
175 http fetch GET 200 https://registry.npmjs.org/semver 426ms (cache miss)
176 silly packumentCache full:https://registry.npmjs.org/semver set size:undefined disposed:false
177 silly fetch manifest convert-source-map@^2.0.0
178 silly packumentCache full:https://registry.npmjs.org/convert-source-map cache-miss
179 http fetch GET 200 https://registry.npmjs.org/@babel%2ftypes 458ms (cache miss)
180 silly packumentCache full:https://registry.npmjs.org/@babel%2ftypes set size:undefined disposed:false
181 silly fetch manifest @jridgewell/remapping@^2.3.5
182 silly packumentCache full:https://registry.npmjs.org/@jridgewell%2fremapping cache-miss
183 http fetch GET 200 https://registry.npmjs.org/@babel%2ftemplate 333ms (cache miss)
184 silly packumentCache full:https://registry.npmjs.org/@babel%2ftemplate set size:undefined disposed:false
185 silly fetch manifest @babel/helper-module-transforms@^7.29.7
186 silly packumentCache full:https://registry.npmjs.org/@babel%2fhelper-module-transforms cache-miss
187 http fetch GET 200 https://registry.npmjs.org/@babel%2fparser 676ms (cache miss)
188 silly packumentCache full:https://registry.npmjs.org/@babel%2fparser set size:undefined disposed:false
189 silly fetch manifest @babel/helper-compilation-targets@^7.29.7
190 silly packumentCache full:https://registry.npmjs.org/@babel%2fhelper-compilation-targets cache-miss
191 http fetch GET 200 https://registry.npmjs.org/@jridgewell%2fremapping 287ms (cache miss)
192 silly packumentCache full:https://registry.npmjs.org/@jridgewell%2fremapping set size:undefined disposed:false
193 silly fetch manifest @babel/helper-plugin-utils@^7.29.7
194 silly packumentCache full:https://registry.npmjs.org/@babel%2fhelper-plugin-utils cache-miss
195 http fetch GET 200 https://registry.npmjs.org/convert-source-map 324ms (cache miss)
196 silly packumentCache full:https://registry.npmjs.org/convert-source-map set size:undefined disposed:false
197 silly fetch manifest @babel/helper-plugin-utils@^7.29.7
198 silly packumentCache full:https://registry.npmjs.org/@babel%2fhelper-plugin-utils cache-miss
199 http fetch GET 200 https://registry.npmjs.org/@babel%2fcode-frame 369ms (cache miss)
200 silly packumentCache full:https://registry.npmjs.org/@babel%2fcode-frame set size:undefined disposed:false
201 silly fetch manifest @babel/types@^7.20.7
202 silly packumentCache full:https://registry.npmjs.org/@babel%2ftypes cache-miss
203 http cache https://registry.npmjs.org/@babel%2ftypes 3ms (cache hit)
204 silly packumentCache full:https://registry.npmjs.org/@babel%2ftypes set size:498480 disposed:false
205 silly fetch manifest @babel/parser@^7.20.7
206 silly packumentCache full:https://registry.npmjs.org/@babel%2fparser cache-miss
207 http cache https://registry.npmjs.org/@babel%2fparser 3ms (cache hit)
208 silly packumentCache full:https://registry.npmjs.org/@babel%2fparser set size:732981 disposed:false
209 silly fetch manifest @types/babel__template@*
210 silly packumentCache full:https://registry.npmjs.org/@types%2fbabel__template cache-miss
211 http fetch GET 200 https://registry.npmjs.org/@babel%2fhelper-module-transforms 361ms (cache miss)
212 silly packumentCache full:https://registry.npmjs.org/@babel%2fhelper-module-transforms set size:undefined disposed:false
213 silly fetch manifest @types/babel__traverse@*
214 silly packumentCache full:https://registry.npmjs.org/@types%2fbabel__traverse cache-miss
215 http fetch GET 200 https://registry.npmjs.org/@babel%2ftraverse 692ms (cache miss)
216 silly packumentCache full:https://registry.npmjs.org/@babel%2ftraverse set size:undefined disposed:false
217 silly fetch manifest @types/babel__generator@*
218 silly packumentCache full:https://registry.npmjs.org/@types%2fbabel__generator cache-miss
219 http fetch GET 200 https://registry.npmjs.org/@babel%2fgenerator 673ms (cache miss)
220 silly packumentCache full:https://registry.npmjs.org/@babel%2fgenerator set size:undefined disposed:false
221 http fetch GET 200 https://registry.npmjs.org/@babel%2fhelper-compilation-targets 272ms (cache miss)
222 silly packumentCache full:https://registry.npmjs.org/@babel%2fhelper-compilation-targets set size:undefined disposed:false
223 http fetch GET 200 https://registry.npmjs.org/@types%2fbabel__template 290ms (cache miss)
224 silly packumentCache full:https://registry.npmjs.org/@types%2fbabel__template set size:undefined disposed:false
225 http fetch GET 200 https://registry.npmjs.org/@babel%2fhelper-plugin-utils 314ms (cache miss)
226 silly packumentCache full:https://registry.npmjs.org/@babel%2fhelper-plugin-utils set size:undefined disposed:false
227 http fetch GET 200 https://registry.npmjs.org/@babel%2fhelper-plugin-utils 346ms (cache miss)
228 silly packumentCache full:https://registry.npmjs.org/@babel%2fhelper-plugin-utils set size:undefined disposed:false
229 http fetch GET 200 https://registry.npmjs.org/@types%2fbabel__traverse 261ms (cache miss)
230 silly packumentCache full:https://registry.npmjs.org/@types%2fbabel__traverse set size:undefined disposed:false
231 http fetch GET 200 https://registry.npmjs.org/@types%2fbabel__generator 264ms (cache miss)
232 silly packumentCache full:https://registry.npmjs.org/@types%2fbabel__generator set size:undefined disposed:false
233 silly fetch manifest @babel/core@^7.0.0
234 silly packumentCache full:https://registry.npmjs.org/@babel%2fcore cache-miss
235 http cache https://registry.npmjs.org/@babel%2fcore 2ms (cache hit)
236 silly packumentCache full:https://registry.npmjs.org/@babel%2fcore set size:788258 disposed:false
237 silly placeDep ROOT @babel/code-frame@7.29.7 OK for: @babel/core@7.29.7 want: ^7.29.7
238 silly placeDep ROOT @babel/generator@7.29.7 OK for: @babel/core@7.29.7 want: ^7.29.7
239 silly placeDep ROOT @babel/helper-compilation-targets@7.29.7 OK for: @babel/core@7.29.7 want: ^7.29.7
240 silly placeDep ROOT @babel/helper-module-transforms@7.29.7 OK for: @babel/core@7.29.7 want: ^7.29.7
241 silly placeDep ROOT @babel/helpers@7.29.7 OK for: @babel/core@7.29.7 want: ^7.29.7
242 silly placeDep ROOT @babel/parser@7.29.7 OK for: @babel/core@7.29.7 want: ^7.29.7
243 silly placeDep ROOT @babel/template@7.29.7 OK for: @babel/core@7.29.7 want: ^7.29.7
244 silly placeDep ROOT @babel/traverse@7.29.7 OK for: @babel/core@7.29.7 want: ^7.29.7
245 silly placeDep ROOT @babel/types@7.29.7 OK for: @babel/core@7.29.7 want: ^7.29.7
246 silly placeDep ROOT @jridgewell/remapping@2.3.5 OK for: @babel/core@7.29.7 want: ^2.3.5
247 silly placeDep ROOT convert-source-map@2.0.0 OK for: @babel/core@7.29.7 want: ^2.0.0
248 silly placeDep ROOT debug@4.4.3 OK for: @babel/core@7.29.7 want: ^4.1.0
249 silly placeDep ROOT gensync@1.0.0-beta.2 OK for: @babel/core@7.29.7 want: ^1.0.0-beta.2
250 silly placeDep ROOT json5@2.2.3 OK for: @babel/core@7.29.7 want: ^2.2.3
251 silly placeDep ROOT semver@6.3.1 OK for: @babel/core@7.29.7 want: ^6.3.1
252 silly fetch manifest js-tokens@^4.0.0
253 silly packumentCache full:https://registry.npmjs.org/js-tokens cache-miss
254 silly fetch manifest picocolors@^1.1.1
255 silly packumentCache full:https://registry.npmjs.org/picocolors cache-miss
256 silly fetch manifest @babel/helper-validator-identifier@^7.29.7
257 silly packumentCache full:https://registry.npmjs.org/@babel%2fhelper-validator-identifier cache-miss
258 silly fetch manifest jsesc@^3.0.2
259 silly packumentCache full:https://registry.npmjs.org/jsesc cache-miss
260 silly fetch manifest @jridgewell/gen-mapping@^0.3.12
261 silly packumentCache full:https://registry.npmjs.org/@jridgewell%2fgen-mapping cache-miss
262 silly fetch manifest @jridgewell/trace-mapping@^0.3.28
263 silly packumentCache full:https://registry.npmjs.org/@jridgewell%2ftrace-mapping cache-miss
264 silly fetch manifest lru-cache@^5.1.1
265 silly packumentCache full:https://registry.npmjs.org/lru-cache cache-miss
266 http fetch GET 200 https://registry.npmjs.org/js-tokens 178ms (cache miss)
267 silly packumentCache full:https://registry.npmjs.org/js-tokens set size:undefined disposed:false
268 silly fetch manifest browserslist@^4.24.0
269 silly packumentCache full:https://registry.npmjs.org/browserslist cache-miss
270 http fetch GET 200 https://registry.npmjs.org/picocolors 193ms (cache miss)
271 silly packumentCache full:https://registry.npmjs.org/picocolors set size:undefined disposed:false
272 silly fetch manifest @babel/compat-data@^7.29.7
273 silly packumentCache full:https://registry.npmjs.org/@babel%2fcompat-data cache-miss
274 http fetch GET 200 https://registry.npmjs.org/jsesc 203ms (cache miss)
275 silly packumentCache full:https://registry.npmjs.org/jsesc set size:undefined disposed:false
276 silly fetch manifest @babel/helper-validator-option@^7.29.7
277 silly packumentCache full:https://registry.npmjs.org/@babel%2fhelper-validator-option cache-miss
278 http fetch GET 200 https://registry.npmjs.org/@babel%2fhelper-validator-identifier 217ms (cache miss)
279 silly packumentCache full:https://registry.npmjs.org/@babel%2fhelper-validator-identifier set size:undefined disposed:false
280 silly fetch manifest @babel/helper-module-imports@^7.29.7
281 silly packumentCache full:https://registry.npmjs.org/@babel%2fhelper-module-imports cache-miss
282 http fetch GET 200 https://registry.npmjs.org/@jridgewell%2fgen-mapping 308ms (cache miss)
283 silly packumentCache full:https://registry.npmjs.org/@jridgewell%2fgen-mapping set size:undefined disposed:false
284 silly fetch manifest debug@^4.3.1
285 silly packumentCache full:https://registry.npmjs.org/debug cache-miss
286 http fetch GET 200 https://registry.npmjs.org/@jridgewell%2ftrace-mapping 310ms (cache miss)
287 silly packumentCache full:https://registry.npmjs.org/@jridgewell%2ftrace-mapping set size:undefined disposed:false
288 silly fetch manifest @babel/helper-globals@^7.29.7
289 silly packumentCache full:https://registry.npmjs.org/@babel%2fhelper-globals cache-miss
290 http cache https://registry.npmjs.org/debug 5ms (cache hit)
291 silly packumentCache full:https://registry.npmjs.org/debug set size:195840 disposed:false
292 silly fetch manifest @babel/helper-string-parser@^7.29.7
293 silly packumentCache full:https://registry.npmjs.org/@babel%2fhelper-string-parser cache-miss
294 http fetch GET 200 https://registry.npmjs.org/lru-cache 337ms (cache miss)
295 silly packumentCache full:https://registry.npmjs.org/lru-cache set size:undefined disposed:false
296 silly fetch manifest @jridgewell/gen-mapping@^0.3.5
297 silly packumentCache full:https://registry.npmjs.org/@jridgewell%2fgen-mapping cache-miss
298 http cache https://registry.npmjs.org/@jridgewell%2fgen-mapping 2ms (cache hit)
299 silly packumentCache full:https://registry.npmjs.org/@jridgewell%2fgen-mapping set size:75941 disposed:false
300 silly fetch manifest @jridgewell/trace-mapping@^0.3.24
301 silly packumentCache full:https://registry.npmjs.org/@jridgewell%2ftrace-mapping cache-miss
302 http cache https://registry.npmjs.org/@jridgewell%2ftrace-mapping 1ms (cache hit)
303 silly packumentCache full:https://registry.npmjs.org/@jridgewell%2ftrace-mapping set size:170909 disposed:false
304 silly fetch manifest ms@^2.1.3
305 silly packumentCache full:https://registry.npmjs.org/ms cache-miss
306 http fetch GET 200 https://registry.npmjs.org/@babel%2fhelper-validator-option 245ms (cache miss)
307 silly packumentCache full:https://registry.npmjs.org/@babel%2fhelper-validator-option set size:undefined disposed:false
308 http fetch GET 200 https://registry.npmjs.org/@babel%2fcompat-data 334ms (cache miss)
309 silly packumentCache full:https://registry.npmjs.org/@babel%2fcompat-data set size:undefined disposed:false
310 http fetch GET 200 https://registry.npmjs.org/@babel%2fhelper-module-imports 314ms (cache miss)
311 silly packumentCache full:https://registry.npmjs.org/@babel%2fhelper-module-imports set size:undefined disposed:false
312 http fetch GET 200 https://registry.npmjs.org/@babel%2fhelper-globals 229ms (cache miss)
313 silly packumentCache full:https://registry.npmjs.org/@babel%2fhelper-globals set size:undefined disposed:false
314 http fetch GET 200 https://registry.npmjs.org/@babel%2fhelper-string-parser 241ms (cache miss)
315 silly packumentCache full:https://registry.npmjs.org/@babel%2fhelper-string-parser set size:undefined disposed:false
316 http fetch GET 200 https://registry.npmjs.org/browserslist 392ms (cache miss)
317 silly packumentCache full:https://registry.npmjs.org/browserslist set size:undefined disposed:false
318 http fetch GET 200 https://registry.npmjs.org/ms 236ms (cache miss)
319 silly packumentCache full:https://registry.npmjs.org/ms set size:undefined disposed:false
320 silly placeDep ROOT @babel/helper-validator-identifier@7.29.7 OK for: @babel/code-frame@7.29.7 want: ^7.29.7
321 silly placeDep ROOT js-tokens@4.0.0 OK for: @babel/code-frame@7.29.7 want: ^4.0.0
322 silly placeDep ROOT picocolors@1.1.1 OK for: @babel/code-frame@7.29.7 want: ^1.1.1
323 silly placeDep ROOT @jridgewell/gen-mapping@0.3.13 OK for: @babel/generator@7.29.7 want: ^0.3.12
324 silly placeDep ROOT @jridgewell/trace-mapping@0.3.31 OK for: @babel/generator@7.29.7 want: ^0.3.28
325 silly placeDep ROOT jsesc@3.1.0 OK for: @babel/generator@7.29.7 want: ^3.0.2
326 silly fetch manifest @jridgewell/sourcemap-codec@^1.5.0
327 silly packumentCache full:https://registry.npmjs.org/@jridgewell%2fsourcemap-codec cache-miss
328 silly fetch manifest @jridgewell/resolve-uri@^3.1.0
329 silly packumentCache full:https://registry.npmjs.org/@jridgewell%2fresolve-uri cache-miss
330 silly fetch manifest @jridgewell/sourcemap-codec@^1.4.14
331 silly packumentCache full:https://registry.npmjs.org/@jridgewell%2fsourcemap-codec cache-miss
332 http fetch GET 200 https://registry.npmjs.org/@jridgewell%2fsourcemap-codec 230ms (cache miss)
333 silly packumentCache full:https://registry.npmjs.org/@jridgewell%2fsourcemap-codec set size:undefined disposed:false
334 http fetch GET 200 https://registry.npmjs.org/@jridgewell%2fsourcemap-codec 254ms (cache miss)
335 silly packumentCache full:https://registry.npmjs.org/@jridgewell%2fsourcemap-codec set size:undefined disposed:false
336 http fetch GET 200 https://registry.npmjs.org/@jridgewell%2fresolve-uri 255ms (cache miss)
337 silly packumentCache full:https://registry.npmjs.org/@jridgewell%2fresolve-uri set size:undefined disposed:false
338 silly placeDep ROOT @babel/compat-data@7.29.7 OK for: @babel/helper-compilation-targets@7.29.7 want: ^7.29.7
339 silly placeDep ROOT @babel/helper-validator-option@7.29.7 OK for: @babel/helper-compilation-targets@7.29.7 want: ^7.29.7
340 silly placeDep ROOT browserslist@4.28.4 OK for: @babel/helper-compilation-targets@7.29.7 want: ^4.24.0
341 silly placeDep ROOT lru-cache@5.1.1 OK for: @babel/helper-compilation-targets@7.29.7 want: ^5.1.1
342 silly fetch manifest caniuse-lite@^1.0.30001799
343 silly packumentCache full:https://registry.npmjs.org/caniuse-lite cache-miss
344 silly fetch manifest node-releases@^2.0.48
345 silly packumentCache full:https://registry.npmjs.org/node-releases cache-miss
346 silly fetch manifest electron-to-chromium@^1.5.376
347 silly packumentCache full:https://registry.npmjs.org/electron-to-chromium cache-miss
348 silly fetch manifest update-browserslist-db@^1.2.3
349 silly packumentCache full:https://registry.npmjs.org/update-browserslist-db cache-miss
350 silly fetch manifest baseline-browser-mapping@^2.10.38
351 silly packumentCache full:https://registry.npmjs.org/baseline-browser-mapping cache-miss
352 silly fetch manifest yallist@^3.0.2
353 silly packumentCache full:https://registry.npmjs.org/yallist cache-miss
354 http fetch GET 200 https://registry.npmjs.org/baseline-browser-mapping 303ms (cache miss)
355 silly packumentCache full:https://registry.npmjs.org/baseline-browser-mapping set size:undefined disposed:false
356 http fetch GET 200 https://registry.npmjs.org/update-browserslist-db 305ms (cache miss)
357 silly packumentCache full:https://registry.npmjs.org/update-browserslist-db set size:undefined disposed:false
358 http fetch GET 200 https://registry.npmjs.org/node-releases 355ms (cache miss)
359 silly packumentCache full:https://registry.npmjs.org/node-releases set size:undefined disposed:false
360 http fetch GET 200 https://registry.npmjs.org/yallist 449ms (cache miss)
361 silly packumentCache full:https://registry.npmjs.org/yallist set size:undefined disposed:false
362 http fetch GET 200 https://registry.npmjs.org/caniuse-lite 1291ms (cache miss)
363 silly packumentCache full:https://registry.npmjs.org/caniuse-lite set size:undefined disposed:false
364 http fetch GET 200 https://registry.npmjs.org/electron-to-chromium 1671ms (cache miss)
365 silly packumentCache full:https://registry.npmjs.org/electron-to-chromium set size:undefined disposed:false
366 silly placeDep ROOT @babel/helper-module-imports@7.29.7 OK for: @babel/helper-module-transforms@7.29.7 want: ^7.29.7
367 silly placeDep ROOT @babel/helper-plugin-utils@7.29.7 OK for: @babel/plugin-transform-react-jsx-self@7.29.7 want: ^7.29.7
368 silly placeDep ROOT @babel/helper-globals@7.29.7 OK for: @babel/traverse@7.29.7 want: ^7.29.7
369 silly placeDep ROOT @babel/helper-string-parser@7.29.7 OK for: @babel/types@7.29.7 want: ^7.29.7
370 silly placeDep ROOT @jridgewell/sourcemap-codec@1.5.5 OK for: @jridgewell/gen-mapping@0.3.13 want: ^1.5.0
371 silly placeDep ROOT @jridgewell/resolve-uri@3.1.2 OK for: @jridgewell/trace-mapping@0.3.31 want: ^3.1.0
372 silly placeDep ROOT @types/babel__generator@7.27.0 OK for: @types/babel__core@7.20.5 want: *
373 silly placeDep ROOT @types/babel__template@7.4.4 OK for: @types/babel__core@7.20.5 want: *
374 silly placeDep ROOT @types/babel__traverse@7.28.0 OK for: @types/babel__core@7.20.5 want: *
375 silly fetch manifest browserslist@>= 4.21.0
376 silly packumentCache full:https://registry.npmjs.org/browserslist cache-miss
377 http cache https://registry.npmjs.org/browserslist 45ms (cache hit)
378 silly packumentCache full:https://registry.npmjs.org/browserslist set size:509301 disposed:false
379 silly placeDep ROOT baseline-browser-mapping@2.10.40 OK for: browserslist@4.28.4 want: ^2.10.38
380 silly placeDep ROOT caniuse-lite@1.0.30001799 OK for: browserslist@4.28.4 want: ^1.0.30001799
381 silly placeDep ROOT electron-to-chromium@1.5.380 OK for: browserslist@4.28.4 want: ^1.5.376
382 silly placeDep ROOT node-releases@2.0.50 OK for: browserslist@4.28.4 want: ^2.0.48
383 silly placeDep ROOT update-browserslist-db@1.2.3 OK for: browserslist@4.28.4 want: ^1.2.3
384 silly fetch manifest escalade@^3.2.0
385 silly packumentCache full:https://registry.npmjs.org/escalade cache-miss
386 http fetch GET 200 https://registry.npmjs.org/escalade 184ms (cache miss)
387 silly packumentCache full:https://registry.npmjs.org/escalade set size:undefined disposed:false
388 silly placeDep ROOT ms@2.1.3 OK for: debug@4.4.3 want: ^2.1.3
389 silly placeDep ROOT yallist@3.1.1 OK for: lru-cache@5.1.1 want: ^3.0.2
390 silly placeDep ROOT scheduler@0.27.0 OK for: react-dom@19.2.0 want: ^0.27.0
391 silly placeDep ROOT escalade@3.2.0 OK for: update-browserslist-db@1.2.3 want: ^3.2.0
392 silly placeDep ROOT esbuild@0.25.12 OK for: vite@6.4.2 want: ^0.25.0
393 silly placeDep ROOT fdir@6.5.0 OK for: vite@6.4.2 want: ^6.4.4
394 silly placeDep ROOT fsevents@2.3.3 OK for: vite@6.4.2 want: ~2.3.3
395 silly placeDep ROOT picomatch@4.0.4 OK for: vite@6.4.2 want: ^4.0.2
396 silly placeDep ROOT postcss@8.5.16 OK for: vite@6.4.2 want: ^8.5.3
397 silly placeDep ROOT rollup@4.62.2 OK for: vite@6.4.2 want: ^4.34.9
398 silly placeDep ROOT tinyglobby@0.2.17 OK for: vite@6.4.2 want: ^0.2.13
399 silly fetch manifest @esbuild/aix-ppc64@0.25.12
400 silly packumentCache full:https://registry.npmjs.org/@esbuild%2faix-ppc64 cache-miss
401 silly fetch manifest @esbuild/linux-arm@0.25.12
402 silly packumentCache full:https://registry.npmjs.org/@esbuild%2flinux-arm cache-miss
403 silly fetch manifest @esbuild/linux-x64@0.25.12
404 silly packumentCache full:https://registry.npmjs.org/@esbuild%2flinux-x64 cache-miss
405 silly fetch manifest @esbuild/sunos-x64@0.25.12
406 silly packumentCache full:https://registry.npmjs.org/@esbuild%2fsunos-x64 cache-miss
407 silly fetch manifest @esbuild/win32-x64@0.25.12
408 silly packumentCache full:https://registry.npmjs.org/@esbuild%2fwin32-x64 cache-miss
409 silly fetch manifest @esbuild/darwin-x64@0.25.12
410 silly packumentCache full:https://registry.npmjs.org/@esbuild%2fdarwin-x64 cache-miss
411 silly fetch manifest @esbuild/linux-ia32@0.25.12
412 silly packumentCache full:https://registry.npmjs.org/@esbuild%2flinux-ia32 cache-miss
413 http fetch GET 200 https://registry.npmjs.org/@esbuild%2faix-ppc64 316ms (cache miss)
414 silly packumentCache full:https://registry.npmjs.org/@esbuild%2faix-ppc64 set size:undefined disposed:false
415 silly fetch manifest @esbuild/netbsd-x64@0.25.12
416 silly packumentCache full:https://registry.npmjs.org/@esbuild%2fnetbsd-x64 cache-miss
417 http fetch GET 200 https://registry.npmjs.org/@esbuild%2flinux-x64 319ms (cache miss)
418 silly packumentCache full:https://registry.npmjs.org/@esbuild%2flinux-x64 set size:undefined disposed:false
419 silly fetch manifest @esbuild/win32-ia32@0.25.12
420 silly packumentCache full:https://registry.npmjs.org/@esbuild%2fwin32-ia32 cache-miss
421 http fetch GET 200 https://registry.npmjs.org/@esbuild%2flinux-arm 339ms (cache miss)
422 silly packumentCache full:https://registry.npmjs.org/@esbuild%2flinux-arm set size:undefined disposed:false
423 silly fetch manifest @esbuild/android-arm@0.25.12
424 silly packumentCache full:https://registry.npmjs.org/@esbuild%2fandroid-arm cache-miss
425 http fetch GET 200 https://registry.npmjs.org/@esbuild%2fdarwin-x64 433ms (cache miss)
426 silly packumentCache full:https://registry.npmjs.org/@esbuild%2fdarwin-x64 set size:undefined disposed:false
427 silly fetch manifest @esbuild/android-x64@0.25.12
428 silly packumentCache full:https://registry.npmjs.org/@esbuild%2fandroid-x64 cache-miss
429 http fetch GET 200 https://registry.npmjs.org/@esbuild%2flinux-ia32 463ms (cache miss)
430 silly packumentCache full:https://registry.npmjs.org/@esbuild%2flinux-ia32 set size:undefined disposed:false
431 silly fetch manifest @esbuild/freebsd-x64@0.25.12
432 silly packumentCache full:https://registry.npmjs.org/@esbuild%2ffreebsd-x64 cache-miss
433 http fetch GET 200 https://registry.npmjs.org/@esbuild%2fwin32-x64 484ms (cache miss)
434 silly packumentCache full:https://registry.npmjs.org/@esbuild%2fwin32-x64 set size:undefined disposed:false
435 silly fetch manifest @esbuild/linux-arm64@0.25.12
436 silly packumentCache full:https://registry.npmjs.org/@esbuild%2flinux-arm64 cache-miss
437 http fetch GET 200 https://registry.npmjs.org/@esbuild%2fsunos-x64 520ms (cache miss)
438 silly packumentCache full:https://registry.npmjs.org/@esbuild%2fsunos-x64 set size:undefined disposed:false
439 silly fetch manifest @esbuild/linux-ppc64@0.25.12
440 silly packumentCache full:https://registry.npmjs.org/@esbuild%2flinux-ppc64 cache-miss
441 http fetch GET 200 https://registry.npmjs.org/@esbuild%2fwin32-ia32 245ms (cache miss)
442 silly packumentCache full:https://registry.npmjs.org/@esbuild%2fwin32-ia32 set size:undefined disposed:false
443 silly fetch manifest @esbuild/linux-s390x@0.25.12
444 silly packumentCache full:https://registry.npmjs.org/@esbuild%2flinux-s390x cache-miss
445 http fetch GET 200 https://registry.npmjs.org/@esbuild%2fandroid-arm 290ms (cache miss)
446 silly packumentCache full:https://registry.npmjs.org/@esbuild%2fandroid-arm set size:undefined disposed:false
447 silly fetch manifest @esbuild/openbsd-x64@0.25.12
448 silly packumentCache full:https://registry.npmjs.org/@esbuild%2fopenbsd-x64 cache-miss
449 http fetch GET 200 https://registry.npmjs.org/@esbuild%2fnetbsd-x64 332ms (cache miss)
450 silly packumentCache full:https://registry.npmjs.org/@esbuild%2fnetbsd-x64 set size:undefined disposed:false
451 silly fetch manifest @esbuild/win32-arm64@0.25.12
452 silly packumentCache full:https://registry.npmjs.org/@esbuild%2fwin32-arm64 cache-miss
453 http fetch GET 200 https://registry.npmjs.org/@esbuild%2fandroid-x64 263ms (cache miss)
454 silly packumentCache full:https://registry.npmjs.org/@esbuild%2fandroid-x64 set size:undefined disposed:false
455 silly fetch manifest @esbuild/darwin-arm64@0.25.12
456 silly packumentCache full:https://registry.npmjs.org/@esbuild%2fdarwin-arm64 cache-miss
457 http fetch GET 200 https://registry.npmjs.org/@esbuild%2ffreebsd-x64 251ms (cache miss)
458 silly packumentCache full:https://registry.npmjs.org/@esbuild%2ffreebsd-x64 set size:undefined disposed:false
459 silly fetch manifest @esbuild/netbsd-arm64@0.25.12
460 silly packumentCache full:https://registry.npmjs.org/@esbuild%2fnetbsd-arm64 cache-miss
461 http fetch GET 200 https://registry.npmjs.org/@esbuild%2flinux-arm64 264ms (cache miss)
462 silly packumentCache full:https://registry.npmjs.org/@esbuild%2flinux-arm64 set size:undefined disposed:false
463 silly fetch manifest @esbuild/android-arm64@0.25.12
464 silly packumentCache full:https://registry.npmjs.org/@esbuild%2fandroid-arm64 cache-miss
465 http fetch GET 200 https://registry.npmjs.org/@esbuild%2flinux-ppc64 273ms (cache miss)
466 silly packumentCache full:https://registry.npmjs.org/@esbuild%2flinux-ppc64 set size:undefined disposed:false
467 silly fetch manifest @esbuild/freebsd-arm64@0.25.12
468 silly packumentCache full:https://registry.npmjs.org/@esbuild%2ffreebsd-arm64 cache-miss
469 http fetch GET 200 https://registry.npmjs.org/@esbuild%2flinux-s390x 251ms (cache miss)
470 silly packumentCache full:https://registry.npmjs.org/@esbuild%2flinux-s390x set size:undefined disposed:false
471 silly fetch manifest @esbuild/linux-loong64@0.25.12
472 silly packumentCache full:https://registry.npmjs.org/@esbuild%2flinux-loong64 cache-miss
473 http fetch GET 200 https://registry.npmjs.org/@esbuild%2fopenbsd-x64 227ms (cache miss)
474 silly packumentCache full:https://registry.npmjs.org/@esbuild%2fopenbsd-x64 set size:undefined disposed:false
475 silly fetch manifest @esbuild/linux-riscv64@0.25.12
476 silly packumentCache full:https://registry.npmjs.org/@esbuild%2flinux-riscv64 cache-miss
477 http fetch GET 200 https://registry.npmjs.org/@esbuild%2fnetbsd-arm64 285ms (cache miss)
478 silly packumentCache full:https://registry.npmjs.org/@esbuild%2fnetbsd-arm64 set size:undefined disposed:false
479 silly fetch manifest @esbuild/openbsd-arm64@0.25.12
480 silly packumentCache full:https://registry.npmjs.org/@esbuild%2fopenbsd-arm64 cache-miss
481 http fetch GET 200 https://registry.npmjs.org/@esbuild%2fwin32-arm64 355ms (cache miss)
482 silly packumentCache full:https://registry.npmjs.org/@esbuild%2fwin32-arm64 set size:undefined disposed:false
483 silly fetch manifest @esbuild/linux-mips64el@0.25.12
484 silly packumentCache full:https://registry.npmjs.org/@esbuild%2flinux-mips64el cache-miss
485 http fetch GET 200 https://registry.npmjs.org/@esbuild%2fdarwin-arm64 308ms (cache miss)
486 silly packumentCache full:https://registry.npmjs.org/@esbuild%2fdarwin-arm64 set size:undefined disposed:false
487 silly fetch manifest @esbuild/openharmony-arm64@0.25.12
488 silly packumentCache full:https://registry.npmjs.org/@esbuild%2fopenharmony-arm64 cache-miss
489 http fetch GET 200 https://registry.npmjs.org/@esbuild%2fandroid-arm64 247ms (cache miss)
490 silly packumentCache full:https://registry.npmjs.org/@esbuild%2fandroid-arm64 set size:undefined disposed:false
491 silly fetch manifest nanoid@^3.3.12
492 silly packumentCache full:https://registry.npmjs.org/nanoid cache-miss
493 http fetch GET 200 https://registry.npmjs.org/@esbuild%2ffreebsd-arm64 241ms (cache miss)
494 silly packumentCache full:https://registry.npmjs.org/@esbuild%2ffreebsd-arm64 set size:undefined disposed:false
495 silly fetch manifest source-map-js@^1.2.1
496 silly packumentCache full:https://registry.npmjs.org/source-map-js cache-miss
497 http fetch GET 200 https://registry.npmjs.org/@esbuild%2flinux-loong64 272ms (cache miss)
498 silly packumentCache full:https://registry.npmjs.org/@esbuild%2flinux-loong64 set size:undefined disposed:false
499 silly fetch manifest @types/estree@1.0.9
500 silly packumentCache full:https://registry.npmjs.org/@types%2festree cache-miss
501 http fetch GET 200 https://registry.npmjs.org/@esbuild%2flinux-riscv64 260ms (cache miss)
502 silly packumentCache full:https://registry.npmjs.org/@esbuild%2flinux-riscv64 set size:undefined disposed:false
503 silly fetch manifest @rollup/rollup-darwin-arm64@4.62.2
504 silly packumentCache full:https://registry.npmjs.org/@rollup%2frollup-darwin-arm64 cache-miss
505 http fetch GET 200 https://registry.npmjs.org/source-map-js 193ms (cache miss)
506 silly packumentCache full:https://registry.npmjs.org/source-map-js set size:undefined disposed:false
507 silly fetch manifest @rollup/rollup-android-arm64@4.62.2
508 silly packumentCache full:https://registry.npmjs.org/@rollup%2frollup-android-arm64 cache-miss
509 http fetch GET 200 https://registry.npmjs.org/@esbuild%2fopenharmony-arm64 225ms (cache miss)
510 silly packumentCache full:https://registry.npmjs.org/@esbuild%2fopenharmony-arm64 set size:undefined disposed:false
511 silly fetch manifest @rollup/rollup-win32-arm64-msvc@4.62.2
512 silly packumentCache full:https://registry.npmjs.org/@rollup%2frollup-win32-arm64-msvc cache-miss
513 http fetch GET 200 https://registry.npmjs.org/@esbuild%2fopenbsd-arm64 233ms (cache miss)
514 silly packumentCache full:https://registry.npmjs.org/@esbuild%2fopenbsd-arm64 set size:undefined disposed:false
515 silly fetch manifest @rollup/rollup-freebsd-arm64@4.62.2
516 silly packumentCache full:https://registry.npmjs.org/@rollup%2frollup-freebsd-arm64 cache-miss
517 http fetch GET 200 https://registry.npmjs.org/nanoid 264ms (cache miss)
518 silly packumentCache full:https://registry.npmjs.org/nanoid set size:undefined disposed:false
519 silly fetch manifest @rollup/rollup-linux-arm64-gnu@4.62.2
520 silly packumentCache full:https://registry.npmjs.org/@rollup%2frollup-linux-arm64-gnu cache-miss
521 http fetch GET 200 https://registry.npmjs.org/@esbuild%2flinux-mips64el 296ms (cache miss)
522 silly packumentCache full:https://registry.npmjs.org/@esbuild%2flinux-mips64el set size:undefined disposed:false
523 silly fetch manifest @rollup/rollup-linux-arm64-musl@4.62.2
524 silly packumentCache full:https://registry.npmjs.org/@rollup%2frollup-linux-arm64-musl cache-miss
525 http fetch GET 200 https://registry.npmjs.org/@types%2festree 215ms (cache miss)
526 silly packumentCache full:https://registry.npmjs.org/@types%2festree set size:undefined disposed:false
527 silly fetch manifest @rollup/rollup-android-arm-eabi@4.62.2
528 silly packumentCache full:https://registry.npmjs.org/@rollup%2frollup-android-arm-eabi cache-miss
529 http fetch GET 200 https://registry.npmjs.org/@rollup%2frollup-darwin-arm64 222ms (cache miss)
530 silly packumentCache full:https://registry.npmjs.org/@rollup%2frollup-darwin-arm64 set size:undefined disposed:false
531 silly fetch manifest @rollup/rollup-linux-arm-gnueabihf@4.62.2
532 silly packumentCache full:https://registry.npmjs.org/@rollup%2frollup-linux-arm-gnueabihf cache-miss
533 http fetch GET 200 https://registry.npmjs.org/@rollup%2frollup-win32-arm64-msvc 277ms (cache miss)
534 silly packumentCache full:https://registry.npmjs.org/@rollup%2frollup-win32-arm64-msvc set size:undefined disposed:false
535 silly fetch manifest @rollup/rollup-linux-arm-musleabihf@4.62.2
536 silly packumentCache full:https://registry.npmjs.org/@rollup%2frollup-linux-arm-musleabihf cache-miss
537 http fetch GET 200 https://registry.npmjs.org/@rollup%2frollup-freebsd-arm64 276ms (cache miss)
538 silly packumentCache full:https://registry.npmjs.org/@rollup%2frollup-freebsd-arm64 set size:undefined disposed:false
539 silly fetch manifest @rollup/rollup-win32-ia32-msvc@4.62.2
540 silly packumentCache full:https://registry.npmjs.org/@rollup%2frollup-win32-ia32-msvc cache-miss
541 http fetch GET 200 https://registry.npmjs.org/@rollup%2frollup-android-arm64 290ms (cache miss)
542 silly packumentCache full:https://registry.npmjs.org/@rollup%2frollup-android-arm64 set size:undefined disposed:false
543 silly fetch manifest @rollup/rollup-linux-loong64-gnu@4.62.2
544 silly packumentCache full:https://registry.npmjs.org/@rollup%2frollup-linux-loong64-gnu cache-miss
545 http fetch GET 200 https://registry.npmjs.org/@rollup%2frollup-android-arm-eabi 270ms (cache miss)
546 silly packumentCache full:https://registry.npmjs.org/@rollup%2frollup-android-arm-eabi set size:undefined disposed:false
547 silly fetch manifest @rollup/rollup-linux-loong64-musl@4.62.2
548 silly packumentCache full:https://registry.npmjs.org/@rollup%2frollup-linux-loong64-musl cache-miss
549 http fetch GET 200 https://registry.npmjs.org/@rollup%2frollup-linux-arm64-gnu 291ms (cache miss)
550 silly packumentCache full:https://registry.npmjs.org/@rollup%2frollup-linux-arm64-gnu set size:undefined disposed:false
551 silly fetch manifest @rollup/rollup-linux-riscv64-gnu@4.62.2
552 silly packumentCache full:https://registry.npmjs.org/@rollup%2frollup-linux-riscv64-gnu cache-miss
553 http fetch GET 200 https://registry.npmjs.org/@rollup%2frollup-linux-arm-gnueabihf 334ms (cache miss)
554 silly packumentCache full:https://registry.npmjs.org/@rollup%2frollup-linux-arm-gnueabihf set size:undefined disposed:false
555 silly fetch manifest @rollup/rollup-linux-riscv64-musl@4.62.2
556 silly packumentCache full:https://registry.npmjs.org/@rollup%2frollup-linux-riscv64-musl cache-miss
557 http fetch GET 200 https://registry.npmjs.org/@rollup%2frollup-linux-arm64-musl 376ms (cache miss)
558 silly packumentCache full:https://registry.npmjs.org/@rollup%2frollup-linux-arm64-musl set size:undefined disposed:false
559 silly fetch manifest @rollup/rollup-linux-ppc64-gnu@4.62.2
560 silly packumentCache full:https://registry.npmjs.org/@rollup%2frollup-linux-ppc64-gnu cache-miss
561 http fetch GET 200 https://registry.npmjs.org/@rollup%2frollup-linux-loong64-gnu 228ms (cache miss)
562 silly packumentCache full:https://registry.npmjs.org/@rollup%2frollup-linux-loong64-gnu set size:undefined disposed:false
563 silly fetch manifest @rollup/rollup-linux-ppc64-musl@4.62.2
564 silly packumentCache full:https://registry.npmjs.org/@rollup%2frollup-linux-ppc64-musl cache-miss
565 http fetch GET 200 https://registry.npmjs.org/@rollup%2frollup-linux-arm-musleabihf 256ms (cache miss)
566 silly packumentCache full:https://registry.npmjs.org/@rollup%2frollup-linux-arm-musleabihf set size:undefined disposed:false
567 silly fetch manifest @rollup/rollup-linux-s390x-gnu@4.62.2
568 silly packumentCache full:https://registry.npmjs.org/@rollup%2frollup-linux-s390x-gnu cache-miss
569 http fetch GET 200 https://registry.npmjs.org/@rollup%2frollup-linux-loong64-musl 210ms (cache miss)
570 silly packumentCache full:https://registry.npmjs.org/@rollup%2frollup-linux-loong64-musl set size:undefined disposed:false
571 silly fetch manifest @rollup/rollup-darwin-x64@4.62.2
572 silly packumentCache full:https://registry.npmjs.org/@rollup%2frollup-darwin-x64 cache-miss
573 http fetch GET 200 https://registry.npmjs.org/@rollup%2frollup-win32-ia32-msvc 279ms (cache miss)
574 silly packumentCache full:https://registry.npmjs.org/@rollup%2frollup-win32-ia32-msvc set size:undefined disposed:false
575 silly fetch manifest @rollup/rollup-win32-x64-gnu@4.62.2
576 silly packumentCache full:https://registry.npmjs.org/@rollup%2frollup-win32-x64-gnu cache-miss
577 http fetch GET 200 https://registry.npmjs.org/@rollup%2frollup-linux-riscv64-gnu 234ms (cache miss)
578 silly packumentCache full:https://registry.npmjs.org/@rollup%2frollup-linux-riscv64-gnu set size:undefined disposed:false
579 silly fetch manifest @rollup/rollup-win32-x64-msvc@4.62.2
580 silly packumentCache full:https://registry.npmjs.org/@rollup%2frollup-win32-x64-msvc cache-miss
581 http fetch GET 200 https://registry.npmjs.org/@rollup%2frollup-linux-riscv64-musl 222ms (cache miss)
582 silly packumentCache full:https://registry.npmjs.org/@rollup%2frollup-linux-riscv64-musl set size:undefined disposed:false
583 silly fetch manifest @rollup/rollup-freebsd-x64@4.62.2
584 silly packumentCache full:https://registry.npmjs.org/@rollup%2frollup-freebsd-x64 cache-miss
585 http fetch GET 200 https://registry.npmjs.org/@rollup%2frollup-linux-ppc64-gnu 222ms (cache miss)
586 silly packumentCache full:https://registry.npmjs.org/@rollup%2frollup-linux-ppc64-gnu set size:undefined disposed:false
587 silly fetch manifest @rollup/rollup-linux-x64-gnu@4.62.2
588 silly packumentCache full:https://registry.npmjs.org/@rollup%2frollup-linux-x64-gnu cache-miss
589 http fetch GET 200 https://registry.npmjs.org/@rollup%2frollup-linux-ppc64-musl 176ms (cache miss)
590 silly packumentCache full:https://registry.npmjs.org/@rollup%2frollup-linux-ppc64-musl set size:undefined disposed:false
591 silly fetch manifest @rollup/rollup-linux-x64-musl@4.62.2
592 silly packumentCache full:https://registry.npmjs.org/@rollup%2frollup-linux-x64-musl cache-miss
593 http fetch GET 200 https://registry.npmjs.org/@rollup%2frollup-linux-s390x-gnu 255ms (cache miss)
594 silly packumentCache full:https://registry.npmjs.org/@rollup%2frollup-linux-s390x-gnu set size:undefined disposed:false
595 silly fetch manifest @rollup/rollup-openbsd-x64@4.62.2
596 silly packumentCache full:https://registry.npmjs.org/@rollup%2frollup-openbsd-x64 cache-miss
597 http fetch GET 200 https://registry.npmjs.org/@rollup%2frollup-win32-x64-gnu 233ms (cache miss)
598 silly packumentCache full:https://registry.npmjs.org/@rollup%2frollup-win32-x64-gnu set size:undefined disposed:false
599 silly fetch manifest @rollup/rollup-openharmony-arm64@4.62.2
600 silly packumentCache full:https://registry.npmjs.org/@rollup%2frollup-openharmony-arm64 cache-miss
601 http fetch GET 200 https://registry.npmjs.org/@rollup%2frollup-darwin-x64 237ms (cache miss)
602 silly packumentCache full:https://registry.npmjs.org/@rollup%2frollup-darwin-x64 set size:undefined disposed:false
603 http fetch GET 200 https://registry.npmjs.org/@rollup%2frollup-win32-x64-msvc 302ms (cache miss)
604 silly packumentCache full:https://registry.npmjs.org/@rollup%2frollup-win32-x64-msvc set size:undefined disposed:false
605 http fetch GET 200 https://registry.npmjs.org/@rollup%2frollup-freebsd-x64 229ms (cache miss)
606 silly packumentCache full:https://registry.npmjs.org/@rollup%2frollup-freebsd-x64 set size:undefined disposed:false
607 http fetch GET 200 https://registry.npmjs.org/@rollup%2frollup-linux-x64-gnu 234ms (cache miss)
608 silly packumentCache full:https://registry.npmjs.org/@rollup%2frollup-linux-x64-gnu set size:undefined disposed:false
609 http fetch GET 200 https://registry.npmjs.org/@rollup%2frollup-openbsd-x64 221ms (cache miss)
610 silly packumentCache full:https://registry.npmjs.org/@rollup%2frollup-openbsd-x64 set size:undefined disposed:false
611 http fetch GET 200 https://registry.npmjs.org/@rollup%2frollup-openharmony-arm64 219ms (cache miss)
612 silly packumentCache full:https://registry.npmjs.org/@rollup%2frollup-openharmony-arm64 set size:undefined disposed:false
613 http fetch GET 200 https://registry.npmjs.org/@rollup%2frollup-linux-x64-musl 362ms (cache miss)
614 silly packumentCache full:https://registry.npmjs.org/@rollup%2frollup-linux-x64-musl set size:undefined disposed:false
615 silly placeDep ROOT @esbuild/aix-ppc64@0.25.12 OK for: esbuild@0.25.12 want: 0.25.12
616 silly placeDep ROOT @esbuild/android-arm@0.25.12 OK for: esbuild@0.25.12 want: 0.25.12
617 silly placeDep ROOT @esbuild/android-arm64@0.25.12 OK for: esbuild@0.25.12 want: 0.25.12
618 silly placeDep ROOT @esbuild/android-x64@0.25.12 OK for: esbuild@0.25.12 want: 0.25.12
619 silly placeDep ROOT @esbuild/darwin-arm64@0.25.12 OK for: esbuild@0.25.12 want: 0.25.12
620 silly placeDep ROOT @esbuild/darwin-x64@0.25.12 OK for: esbuild@0.25.12 want: 0.25.12
621 silly placeDep ROOT @esbuild/freebsd-arm64@0.25.12 OK for: esbuild@0.25.12 want: 0.25.12
622 silly placeDep ROOT @esbuild/freebsd-x64@0.25.12 OK for: esbuild@0.25.12 want: 0.25.12
623 silly placeDep ROOT @esbuild/linux-arm@0.25.12 OK for: esbuild@0.25.12 want: 0.25.12
624 silly placeDep ROOT @esbuild/linux-arm64@0.25.12 OK for: esbuild@0.25.12 want: 0.25.12
625 silly placeDep ROOT @esbuild/linux-ia32@0.25.12 OK for: esbuild@0.25.12 want: 0.25.12
626 silly placeDep ROOT @esbuild/linux-loong64@0.25.12 OK for: esbuild@0.25.12 want: 0.25.12
627 silly placeDep ROOT @esbuild/linux-mips64el@0.25.12 OK for: esbuild@0.25.12 want: 0.25.12
628 silly placeDep ROOT @esbuild/linux-ppc64@0.25.12 OK for: esbuild@0.25.12 want: 0.25.12
629 silly placeDep ROOT @esbuild/linux-riscv64@0.25.12 OK for: esbuild@0.25.12 want: 0.25.12
630 silly placeDep ROOT @esbuild/linux-s390x@0.25.12 OK for: esbuild@0.25.12 want: 0.25.12
631 silly placeDep ROOT @esbuild/linux-x64@0.25.12 OK for: esbuild@0.25.12 want: 0.25.12
632 silly placeDep ROOT @esbuild/netbsd-arm64@0.25.12 OK for: esbuild@0.25.12 want: 0.25.12
633 silly placeDep ROOT @esbuild/netbsd-x64@0.25.12 OK for: esbuild@0.25.12 want: 0.25.12
634 silly placeDep ROOT @esbuild/openbsd-arm64@0.25.12 OK for: esbuild@0.25.12 want: 0.25.12
635 silly placeDep ROOT @esbuild/openbsd-x64@0.25.12 OK for: esbuild@0.25.12 want: 0.25.12
636 silly placeDep ROOT @esbuild/openharmony-arm64@0.25.12 OK for: esbuild@0.25.12 want: 0.25.12
637 silly placeDep ROOT @esbuild/sunos-x64@0.25.12 OK for: esbuild@0.25.12 want: 0.25.12
638 silly placeDep ROOT @esbuild/win32-arm64@0.25.12 OK for: esbuild@0.25.12 want: 0.25.12
639 silly placeDep ROOT @esbuild/win32-ia32@0.25.12 OK for: esbuild@0.25.12 want: 0.25.12
640 silly placeDep ROOT @esbuild/win32-x64@0.25.12 OK for: esbuild@0.25.12 want: 0.25.12
641 silly placeDep ROOT nanoid@3.3.15 OK for: postcss@8.5.16 want: ^3.3.12
642 silly placeDep ROOT source-map-js@1.2.1 OK for: postcss@8.5.16 want: ^1.2.1
643 silly placeDep ROOT @rollup/rollup-android-arm-eabi@4.62.2 OK for: rollup@4.62.2 want: 4.62.2
644 silly placeDep ROOT @rollup/rollup-android-arm64@4.62.2 OK for: rollup@4.62.2 want: 4.62.2
645 silly placeDep ROOT @rollup/rollup-darwin-arm64@4.62.2 OK for: rollup@4.62.2 want: 4.62.2
646 silly placeDep ROOT @rollup/rollup-darwin-x64@4.62.2 OK for: rollup@4.62.2 want: 4.62.2
647 silly placeDep ROOT @rollup/rollup-freebsd-arm64@4.62.2 OK for: rollup@4.62.2 want: 4.62.2
648 silly placeDep ROOT @rollup/rollup-freebsd-x64@4.62.2 OK for: rollup@4.62.2 want: 4.62.2
649 silly placeDep ROOT @rollup/rollup-linux-arm-gnueabihf@4.62.2 OK for: rollup@4.62.2 want: 4.62.2
650 silly placeDep ROOT @rollup/rollup-linux-arm-musleabihf@4.62.2 OK for: rollup@4.62.2 want: 4.62.2
651 silly placeDep ROOT @rollup/rollup-linux-arm64-gnu@4.62.2 OK for: rollup@4.62.2 want: 4.62.2
652 silly placeDep ROOT @rollup/rollup-linux-arm64-musl@4.62.2 OK for: rollup@4.62.2 want: 4.62.2
653 silly placeDep ROOT @rollup/rollup-linux-loong64-gnu@4.62.2 OK for: rollup@4.62.2 want: 4.62.2
654 silly placeDep ROOT @rollup/rollup-linux-loong64-musl@4.62.2 OK for: rollup@4.62.2 want: 4.62.2
655 silly placeDep ROOT @rollup/rollup-linux-ppc64-gnu@4.62.2 OK for: rollup@4.62.2 want: 4.62.2
656 silly placeDep ROOT @rollup/rollup-linux-ppc64-musl@4.62.2 OK for: rollup@4.62.2 want: 4.62.2
657 silly placeDep ROOT @rollup/rollup-linux-riscv64-gnu@4.62.2 OK for: rollup@4.62.2 want: 4.62.2
658 silly placeDep ROOT @rollup/rollup-linux-riscv64-musl@4.62.2 OK for: rollup@4.62.2 want: 4.62.2
659 silly placeDep ROOT @rollup/rollup-linux-s390x-gnu@4.62.2 OK for: rollup@4.62.2 want: 4.62.2
660 silly placeDep ROOT @rollup/rollup-linux-x64-gnu@4.62.2 OK for: rollup@4.62.2 want: 4.62.2
661 silly placeDep ROOT @rollup/rollup-linux-x64-musl@4.62.2 OK for: rollup@4.62.2 want: 4.62.2
662 silly placeDep ROOT @rollup/rollup-openbsd-x64@4.62.2 OK for: rollup@4.62.2 want: 4.62.2
663 silly placeDep ROOT @rollup/rollup-openharmony-arm64@4.62.2 OK for: rollup@4.62.2 want: 4.62.2
664 silly placeDep ROOT @rollup/rollup-win32-arm64-msvc@4.62.2 OK for: rollup@4.62.2 want: 4.62.2
665 silly placeDep ROOT @rollup/rollup-win32-ia32-msvc@4.62.2 OK for: rollup@4.62.2 want: 4.62.2
666 silly placeDep ROOT @rollup/rollup-win32-x64-gnu@4.62.2 OK for: rollup@4.62.2 want: 4.62.2
667 silly placeDep ROOT @rollup/rollup-win32-x64-msvc@4.62.2 OK for: rollup@4.62.2 want: 4.62.2
668 silly placeDep ROOT @types/estree@1.0.9 OK for: rollup@4.62.2 want: 1.0.9
669 silly reify moves {}
670 http cache @types/estree@https://registry.npmjs.org/@types/estree/-/estree-1.0.9.tgz 0ms (cache hit)
671 http cache nanoid@https://registry.npmjs.org/nanoid/-/nanoid-3.3.15.tgz 0ms (cache hit)
672 http cache @rollup/rollup-darwin-arm64@https://registry.npmjs.org/@rollup/rollup-darwin-arm64/-/rollup-darwin-arm64-4.62.2.tgz 0ms (cache hit)
673 http cache @esbuild/darwin-arm64@https://registry.npmjs.org/@esbuild/darwin-arm64/-/darwin-arm64-0.25.12.tgz 0ms (cache hit)
674 http cache picomatch@https://registry.npmjs.org/picomatch/-/picomatch-4.0.4.tgz 0ms (cache hit)
675 http cache fsevents@https://registry.npmjs.org/fsevents/-/fsevents-2.3.3.tgz 0ms (cache hit)
676 http cache source-map-js@https://registry.npmjs.org/source-map-js/-/source-map-js-1.2.1.tgz 0ms (cache hit)
677 http cache fdir@https://registry.npmjs.org/fdir/-/fdir-6.5.0.tgz 0ms (cache hit)
678 http cache esbuild@https://registry.npmjs.org/esbuild/-/esbuild-0.25.12.tgz 0ms (cache hit)
679 http cache tinyglobby@https://registry.npmjs.org/tinyglobby/-/tinyglobby-0.2.17.tgz 0ms (cache hit)
680 http cache postcss@https://registry.npmjs.org/postcss/-/postcss-8.5.16.tgz 0ms (cache hit)
681 http cache scheduler@https://registry.npmjs.org/scheduler/-/scheduler-0.27.0.tgz 0ms (cache hit)
682 http cache rollup@https://registry.npmjs.org/rollup/-/rollup-4.62.2.tgz 0ms (cache hit)
683 http cache ms@https://registry.npmjs.org/ms/-/ms-2.1.3.tgz 0ms (cache hit)
684 http cache yallist@https://registry.npmjs.org/yallist/-/yallist-3.1.1.tgz 0ms (cache hit)
685 http cache electron-to-chromium@https://registry.npmjs.org/electron-to-chromium/-/electron-to-chromium-1.5.380.tgz 0ms (cache hit)
686 http cache node-releases@https://registry.npmjs.org/node-releases/-/node-releases-2.0.50.tgz 0ms (cache hit)
687 http cache update-browserslist-db@https://registry.npmjs.org/update-browserslist-db/-/update-browserslist-db-1.2.3.tgz 0ms (cache hit)
688 http cache baseline-browser-mapping@https://registry.npmjs.org/baseline-browser-mapping/-/baseline-browser-mapping-2.10.40.tgz 0ms (cache hit)
689 http cache @types/babel__generator@https://registry.npmjs.org/@types/babel__generator/-/babel__generator-7.27.0.tgz 0ms (cache hit)
690 http cache @types/babel__traverse@https://registry.npmjs.org/@types/babel__traverse/-/babel__traverse-7.28.0.tgz 0ms (cache hit)
691 http cache @types/babel__template@https://registry.npmjs.org/@types/babel__template/-/babel__template-7.4.4.tgz 0ms (cache hit)
692 http cache @jridgewell/resolve-uri@https://registry.npmjs.org/@jridgewell/resolve-uri/-/resolve-uri-3.1.2.tgz 0ms (cache hit)
693 http cache @jridgewell/sourcemap-codec@https://registry.npmjs.org/@jridgewell/sourcemap-codec/-/sourcemap-codec-1.5.5.tgz 0ms (cache hit)
694 http cache caniuse-lite@https://registry.npmjs.org/caniuse-lite/-/caniuse-lite-1.0.30001799.tgz 0ms (cache hit)
695 http cache @babel/helper-globals@https://registry.npmjs.org/@babel/helper-globals/-/helper-globals-7.29.7.tgz 0ms (cache hit)
696 http cache escalade@https://registry.npmjs.org/escalade/-/escalade-3.2.0.tgz 0ms (cache hit)
697 http cache @babel/helper-plugin-utils@https://registry.npmjs.org/@babel/helper-plugin-utils/-/helper-plugin-utils-7.29.7.tgz 0ms (cache hit)
698 http cache @babel/helper-string-parser@https://registry.npmjs.org/@babel/helper-string-parser/-/helper-string-parser-7.29.7.tgz 0ms (cache hit)
699 http cache browserslist@https://registry.npmjs.org/browserslist/-/browserslist-4.28.4.tgz 0ms (cache hit)
700 http cache @babel/helper-module-imports@https://registry.npmjs.org/@babel/helper-module-imports/-/helper-module-imports-7.29.7.tgz 0ms (cache hit)
701 http cache @babel/compat-data@https://registry.npmjs.org/@babel/compat-data/-/compat-data-7.29.7.tgz 0ms (cache hit)
702 http cache jsesc@https://registry.npmjs.org/jsesc/-/jsesc-3.1.0.tgz 0ms (cache hit)
703 http cache js-tokens@https://registry.npmjs.org/js-tokens/-/js-tokens-4.0.0.tgz 0ms (cache hit)
704 http cache @jridgewell/trace-mapping@https://registry.npmjs.org/@jridgewell/trace-mapping/-/trace-mapping-0.3.31.tgz 0ms (cache hit)
705 http cache @babel/helper-validator-identifier@https://registry.npmjs.org/@babel/helper-validator-identifier/-/helper-validator-identifier-7.29.7.tgz 0ms (cache hit)
706 http cache picocolors@https://registry.npmjs.org/picocolors/-/picocolors-1.1.1.tgz 0ms (cache hit)
707 http cache @jridgewell/gen-mapping@https://registry.npmjs.org/@jridgewell/gen-mapping/-/gen-mapping-0.3.13.tgz 0ms (cache hit)
708 http cache semver@https://registry.npmjs.org/semver/-/semver-6.3.1.tgz 0ms (cache hit)
709 http cache @babel/helper-validator-option@https://registry.npmjs.org/@babel/helper-validator-option/-/helper-validator-option-7.29.7.tgz 0ms (cache hit)
710 http cache json5@https://registry.npmjs.org/json5/-/json5-2.2.3.tgz 0ms (cache hit)
711 http cache @jridgewell/remapping@https://registry.npmjs.org/@jridgewell/remapping/-/remapping-2.3.5.tgz 0ms (cache hit)
712 http cache gensync@https://registry.npmjs.org/gensync/-/gensync-1.0.0-beta.2.tgz 0ms (cache hit)
713 http cache debug@https://registry.npmjs.org/debug/-/debug-4.4.3.tgz 0ms (cache hit)
714 http cache @babel/types@https://registry.npmjs.org/@babel/types/-/types-7.29.7.tgz 0ms (cache hit)
715 http cache @babel/traverse@https://registry.npmjs.org/@babel/traverse/-/traverse-7.29.7.tgz 0ms (cache hit)
716 http cache @babel/helpers@https://registry.npmjs.org/@babel/helpers/-/helpers-7.29.7.tgz 0ms (cache hit)
717 http cache convert-source-map@https://registry.npmjs.org/convert-source-map/-/convert-source-map-2.0.0.tgz 0ms (cache hit)
718 http cache @babel/template@https://registry.npmjs.org/@babel/template/-/template-7.29.7.tgz 0ms (cache hit)
719 http cache @babel/helper-module-transforms@https://registry.npmjs.org/@babel/helper-module-transforms/-/helper-module-transforms-7.29.7.tgz 0ms (cache hit)
720 http cache @babel/helper-compilation-targets@https://registry.npmjs.org/@babel/helper-compilation-targets/-/helper-compilation-targets-7.29.7.tgz 0ms (cache hit)
721 http cache @babel/generator@https://registry.npmjs.org/@babel/generator/-/generator-7.29.7.tgz 0ms (cache hit)
722 http cache @types/babel__core@https://registry.npmjs.org/@types/babel__core/-/babel__core-7.20.5.tgz 0ms (cache hit)
723 http cache @rolldown/pluginutils@https://registry.npmjs.org/@rolldown/pluginutils/-/pluginutils-1.0.0-beta.38.tgz 0ms (cache hit)
724 http cache @babel/parser@https://registry.npmjs.org/@babel/parser/-/parser-7.29.7.tgz 0ms (cache hit)
725 http cache lru-cache@https://registry.npmjs.org/lru-cache/-/lru-cache-5.1.1.tgz 0ms (cache hit)
726 http cache @babel/plugin-transform-react-jsx-self@https://registry.npmjs.org/@babel/plugin-transform-react-jsx-self/-/plugin-transform-react-jsx-self-7.29.7.tgz 0ms (cache hit)
727 http cache @babel/code-frame@https://registry.npmjs.org/@babel/code-frame/-/code-frame-7.29.7.tgz 0ms (cache hit)
728 http cache react-refresh@https://registry.npmjs.org/react-refresh/-/react-refresh-0.17.0.tgz 0ms (cache hit)
729 http cache react-dom@https://registry.npmjs.org/react-dom/-/react-dom-19.2.0.tgz 0ms (cache hit)
730 http cache @babel/core@https://registry.npmjs.org/@babel/core/-/core-7.29.7.tgz 0ms (cache hit)
731 http cache @babel/plugin-transform-react-jsx-source@https://registry.npmjs.org/@babel/plugin-transform-react-jsx-source/-/plugin-transform-react-jsx-source-7.29.7.tgz 0ms (cache hit)
732 http cache react@https://registry.npmjs.org/react/-/react-19.2.0.tgz 0ms (cache hit)
733 silly tarball no local data for @types/estree@https://registry.npmjs.org/@types/estree/-/estree-1.0.9.tgz. Extracting by manifest.
734 silly tarball no local data for nanoid@https://registry.npmjs.org/nanoid/-/nanoid-3.3.15.tgz. Extracting by manifest.
735 silly tarball no local data for @rollup/rollup-darwin-arm64@https://registry.npmjs.org/@rollup/rollup-darwin-arm64/-/rollup-darwin-arm64-4.62.2.tgz. Extracting by manifest.
736 silly tarball no local data for @esbuild/darwin-arm64@https://registry.npmjs.org/@esbuild/darwin-arm64/-/darwin-arm64-0.25.12.tgz. Extracting by manifest.
737 silly tarball no local data for picomatch@https://registry.npmjs.org/picomatch/-/picomatch-4.0.4.tgz. Extracting by manifest.
738 silly tarball no local data for fsevents@https://registry.npmjs.org/fsevents/-/fsevents-2.3.3.tgz. Extracting by manifest.
739 silly tarball no local data for source-map-js@https://registry.npmjs.org/source-map-js/-/source-map-js-1.2.1.tgz. Extracting by manifest.
740 silly tarball no local data for fdir@https://registry.npmjs.org/fdir/-/fdir-6.5.0.tgz. Extracting by manifest.
741 silly tarball no local data for esbuild@https://registry.npmjs.org/esbuild/-/esbuild-0.25.12.tgz. Extracting by manifest.
742 silly tarball no local data for tinyglobby@https://registry.npmjs.org/tinyglobby/-/tinyglobby-0.2.17.tgz. Extracting by manifest.
743 silly tarball no local data for postcss@https://registry.npmjs.org/postcss/-/postcss-8.5.16.tgz. Extracting by manifest.
744 silly tarball no local data for scheduler@https://registry.npmjs.org/scheduler/-/scheduler-0.27.0.tgz. Extracting by manifest.
745 silly tarball no local data for rollup@https://registry.npmjs.org/rollup/-/rollup-4.62.2.tgz. Extracting by manifest.
746 http cache @vitejs/plugin-react@https://registry.npmjs.org/@vitejs/plugin-react/-/plugin-react-5.0.4.tgz 0ms (cache hit)
747 http cache vite@https://registry.npmjs.org/vite/-/vite-6.4.2.tgz 0ms (cache hit)
748 silly tarball no local data for ms@https://registry.npmjs.org/ms/-/ms-2.1.3.tgz. Extracting by manifest.
749 silly tarball no local data for yallist@https://registry.npmjs.org/yallist/-/yallist-3.1.1.tgz. Extracting by manifest.
750 silly tarball no local data for electron-to-chromium@https://registry.npmjs.org/electron-to-chromium/-/electron-to-chromium-1.5.380.tgz. Extracting by manifest.
751 silly tarball no local data for node-releases@https://registry.npmjs.org/node-releases/-/node-releases-2.0.50.tgz. Extracting by manifest.
752 silly tarball no local data for update-browserslist-db@https://registry.npmjs.org/update-browserslist-db/-/update-browserslist-db-1.2.3.tgz. Extracting by manifest.
753 silly tarball no local data for baseline-browser-mapping@https://registry.npmjs.org/baseline-browser-mapping/-/baseline-browser-mapping-2.10.40.tgz. Extracting by manifest.
754 silly tarball no local data for @types/babel__generator@https://registry.npmjs.org/@types/babel__generator/-/babel__generator-7.27.0.tgz. Extracting by manifest.
755 silly tarball no local data for @types/babel__traverse@https://registry.npmjs.org/@types/babel__traverse/-/babel__traverse-7.28.0.tgz. Extracting by manifest.
756 silly tarball no local data for @types/babel__template@https://registry.npmjs.org/@types/babel__template/-/babel__template-7.4.4.tgz. Extracting by manifest.
757 silly tarball no local data for @jridgewell/resolve-uri@https://registry.npmjs.org/@jridgewell/resolve-uri/-/resolve-uri-3.1.2.tgz. Extracting by manifest.
758 silly tarball no local data for @jridgewell/sourcemap-codec@https://registry.npmjs.org/@jridgewell/sourcemap-codec/-/sourcemap-codec-1.5.5.tgz. Extracting by manifest.
759 silly tarball no local data for caniuse-lite@https://registry.npmjs.org/caniuse-lite/-/caniuse-lite-1.0.30001799.tgz. Extracting by manifest.
760 silly tarball no local data for @babel/helper-globals@https://registry.npmjs.org/@babel/helper-globals/-/helper-globals-7.29.7.tgz. Extracting by manifest.
761 silly tarball no local data for escalade@https://registry.npmjs.org/escalade/-/escalade-3.2.0.tgz. Extracting by manifest.
762 silly tarball no local data for @babel/helper-plugin-utils@https://registry.npmjs.org/@babel/helper-plugin-utils/-/helper-plugin-utils-7.29.7.tgz. Extracting by manifest.
763 silly tarball no local data for @babel/helper-string-parser@https://registry.npmjs.org/@babel/helper-string-parser/-/helper-string-parser-7.29.7.tgz. Extracting by manifest.
764 silly tarball no local data for browserslist@https://registry.npmjs.org/browserslist/-/browserslist-4.28.4.tgz. Extracting by manifest.
765 silly tarball no local data for @babel/helper-module-imports@https://registry.npmjs.org/@babel/helper-module-imports/-/helper-module-imports-7.29.7.tgz. Extracting by manifest.
766 silly tarball no local data for @babel/compat-data@https://registry.npmjs.org/@babel/compat-data/-/compat-data-7.29.7.tgz. Extracting by manifest.
767 silly tarball no local data for jsesc@https://registry.npmjs.org/jsesc/-/jsesc-3.1.0.tgz. Extracting by manifest.
768 silly tarball no local data for js-tokens@https://registry.npmjs.org/js-tokens/-/js-tokens-4.0.0.tgz. Extracting by manifest.
769 silly tarball no local data for @jridgewell/trace-mapping@https://registry.npmjs.org/@jridgewell/trace-mapping/-/trace-mapping-0.3.31.tgz. Extracting by manifest.
770 silly tarball no local data for @babel/helper-validator-identifier@https://registry.npmjs.org/@babel/helper-validator-identifier/-/helper-validator-identifier-7.29.7.tgz. Extracting by manifest.
771 silly tarball no local data for picocolors@https://registry.npmjs.org/picocolors/-/picocolors-1.1.1.tgz. Extracting by manifest.
772 silly tarball no local data for @jridgewell/gen-mapping@https://registry.npmjs.org/@jridgewell/gen-mapping/-/gen-mapping-0.3.13.tgz. Extracting by manifest.
773 silly tarball no local data for semver@https://registry.npmjs.org/semver/-/semver-6.3.1.tgz. Extracting by manifest.
774 silly tarball no local data for @babel/helper-validator-option@https://registry.npmjs.org/@babel/helper-validator-option/-/helper-validator-option-7.29.7.tgz. Extracting by manifest.
775 silly tarball no local data for json5@https://registry.npmjs.org/json5/-/json5-2.2.3.tgz. Extracting by manifest.
776 silly tarball no local data for @jridgewell/remapping@https://registry.npmjs.org/@jridgewell/remapping/-/remapping-2.3.5.tgz. Extracting by manifest.
777 silly tarball no local data for gensync@https://registry.npmjs.org/gensync/-/gensync-1.0.0-beta.2.tgz. Extracting by manifest.
778 silly tarball no local data for debug@https://registry.npmjs.org/debug/-/debug-4.4.3.tgz. Extracting by manifest.
779 silly tarball no local data for @babel/types@https://registry.npmjs.org/@babel/types/-/types-7.29.7.tgz. Extracting by manifest.
780 silly tarball no local data for @babel/traverse@https://registry.npmjs.org/@babel/traverse/-/traverse-7.29.7.tgz. Extracting by manifest.
781 silly tarball no local data for @babel/helpers@https://registry.npmjs.org/@babel/helpers/-/helpers-7.29.7.tgz. Extracting by manifest.
782 silly tarball no local data for convert-source-map@https://registry.npmjs.org/convert-source-map/-/convert-source-map-2.0.0.tgz. Extracting by manifest.
783 silly tarball no local data for @babel/template@https://registry.npmjs.org/@babel/template/-/template-7.29.7.tgz. Extracting by manifest.
784 silly tarball no local data for @babel/helper-module-transforms@https://registry.npmjs.org/@babel/helper-module-transforms/-/helper-module-transforms-7.29.7.tgz. Extracting by manifest.
785 silly tarball no local data for @babel/helper-compilation-targets@https://registry.npmjs.org/@babel/helper-compilation-targets/-/helper-compilation-targets-7.29.7.tgz. Extracting by manifest.
786 silly tarball no local data for @babel/generator@https://registry.npmjs.org/@babel/generator/-/generator-7.29.7.tgz. Extracting by manifest.
787 silly tarball no local data for @types/babel__core@https://registry.npmjs.org/@types/babel__core/-/babel__core-7.20.5.tgz. Extracting by manifest.
788 silly tarball no local data for @rolldown/pluginutils@https://registry.npmjs.org/@rolldown/pluginutils/-/pluginutils-1.0.0-beta.38.tgz. Extracting by manifest.
789 silly tarball no local data for @babel/parser@https://registry.npmjs.org/@babel/parser/-/parser-7.29.7.tgz. Extracting by manifest.
790 silly tarball no local data for lru-cache@https://registry.npmjs.org/lru-cache/-/lru-cache-5.1.1.tgz. Extracting by manifest.
791 silly tarball no local data for @babel/plugin-transform-react-jsx-self@https://registry.npmjs.org/@babel/plugin-transform-react-jsx-self/-/plugin-transform-react-jsx-self-7.29.7.tgz. Extracting by manifest.
792 silly tarball no local data for @babel/code-frame@https://registry.npmjs.org/@babel/code-frame/-/code-frame-7.29.7.tgz. Extracting by manifest.
793 silly tarball no local data for react-refresh@https://registry.npmjs.org/react-refresh/-/react-refresh-0.17.0.tgz. Extracting by manifest.
794 silly tarball no local data for react-dom@https://registry.npmjs.org/react-dom/-/react-dom-19.2.0.tgz. Extracting by manifest.
795 silly tarball no local data for @babel/core@https://registry.npmjs.org/@babel/core/-/core-7.29.7.tgz. Extracting by manifest.
796 silly tarball no local data for @babel/plugin-transform-react-jsx-source@https://registry.npmjs.org/@babel/plugin-transform-react-jsx-source/-/plugin-transform-react-jsx-source-7.29.7.tgz. Extracting by manifest.
797 silly tarball no local data for react@https://registry.npmjs.org/react/-/react-19.2.0.tgz. Extracting by manifest.
798 silly tarball no local data for @vitejs/plugin-react@https://registry.npmjs.org/@vitejs/plugin-react/-/plugin-react-5.0.4.tgz. Extracting by manifest.
799 silly tarball no local data for vite@https://registry.npmjs.org/vite/-/vite-6.4.2.tgz. Extracting by manifest.
800 http fetch GET 200 https://registry.npmjs.org/@types/estree/-/estree-1.0.9.tgz 285ms (cache miss)
801 http fetch GET 200 https://registry.npmjs.org/nanoid/-/nanoid-3.3.15.tgz 285ms (cache miss)
802 http fetch GET 200 https://registry.npmjs.org/fsevents/-/fsevents-2.3.3.tgz 284ms (cache miss)
803 http fetch GET 200 https://registry.npmjs.org/picomatch/-/picomatch-4.0.4.tgz 287ms (cache miss)
804 http fetch GET 200 https://registry.npmjs.org/source-map-js/-/source-map-js-1.2.1.tgz 287ms (cache miss)
805 http fetch GET 200 https://registry.npmjs.org/node-releases/-/node-releases-2.0.50.tgz 813ms (cache miss)
806 http fetch GET 200 https://registry.npmjs.org/update-browserslist-db/-/update-browserslist-db-1.2.3.tgz 826ms (cache miss)
807 http fetch GET 200 https://registry.npmjs.org/electron-to-chromium/-/electron-to-chromium-1.5.380.tgz 826ms (cache miss)
808 http fetch GET 200 https://registry.npmjs.org/@types/babel__generator/-/babel__generator-7.27.0.tgz 924ms (cache miss)
809 http fetch GET 200 https://registry.npmjs.org/baseline-browser-mapping/-/baseline-browser-mapping-2.10.40.tgz 985ms (cache miss)
810 http fetch GET 200 https://registry.npmjs.org/@rollup/rollup-darwin-arm64/-/rollup-darwin-arm64-4.62.2.tgz 1268ms (cache miss)
811 http fetch GET 200 https://registry.npmjs.org/@types/babel__template/-/babel__template-7.4.4.tgz 1295ms (cache miss)
812 http fetch GET 200 https://registry.npmjs.org/@jridgewell/resolve-uri/-/resolve-uri-3.1.2.tgz 1306ms (cache miss)
813 http fetch GET 200 https://registry.npmjs.org/@types/babel__traverse/-/babel__traverse-7.28.0.tgz 1308ms (cache miss)
814 http fetch GET 200 https://registry.npmjs.org/@jridgewell/sourcemap-codec/-/sourcemap-codec-1.5.5.tgz 1343ms (cache miss)
815 http fetch GET 200 https://registry.npmjs.org/@babel/helper-globals/-/helper-globals-7.29.7.tgz 1609ms (cache miss)
816 http fetch GET 200 https://registry.npmjs.org/escalade/-/escalade-3.2.0.tgz 1628ms (cache miss)
817 http fetch GET 200 https://registry.npmjs.org/@babel/helper-plugin-utils/-/helper-plugin-utils-7.29.7.tgz 1644ms (cache miss)
818 http fetch GET 200 https://registry.npmjs.org/@babel/helper-string-parser/-/helper-string-parser-7.29.7.tgz 1649ms (cache miss)
819 http fetch GET 200 https://registry.npmjs.org/browserslist/-/browserslist-4.28.4.tgz 1667ms (cache miss)
820 http fetch GET 200 https://registry.npmjs.org/caniuse-lite/-/caniuse-lite-1.0.30001799.tgz 1808ms (cache miss)
821 http fetch GET 200 https://registry.npmjs.org/jsesc/-/jsesc-3.1.0.tgz 1887ms (cache miss)
822 http fetch GET 200 https://registry.npmjs.org/@babel/compat-data/-/compat-data-7.29.7.tgz 1893ms (cache miss)
823 http fetch GET 200 https://registry.npmjs.org/js-tokens/-/js-tokens-4.0.0.tgz 1894ms (cache miss)
824 http fetch GET 200 https://registry.npmjs.org/@babel/helper-module-imports/-/helper-module-imports-7.29.7.tgz 1895ms (cache miss)
825 http fetch GET 200 https://registry.npmjs.org/@jridgewell/trace-mapping/-/trace-mapping-0.3.31.tgz 1900ms (cache miss)
826 http fetch GET 200 https://registry.npmjs.org/@babel/helper-validator-identifier/-/helper-validator-identifier-7.29.7.tgz 2012ms (cache miss)
827 http fetch GET 200 https://registry.npmjs.org/picocolors/-/picocolors-1.1.1.tgz 2092ms (cache miss)
828 http fetch GET 200 https://registry.npmjs.org/semver/-/semver-6.3.1.tgz 2123ms (cache miss)
829 http fetch GET 200 https://registry.npmjs.org/json5/-/json5-2.2.3.tgz 2163ms (cache miss)
830 http fetch GET 200 https://registry.npmjs.org/@babel/helper-validator-option/-/helper-validator-option-7.29.7.tgz 2187ms (cache miss)
831 http fetch GET 200 https://registry.npmjs.org/@jridgewell/gen-mapping/-/gen-mapping-0.3.13.tgz 2216ms (cache miss)
832 http fetch GET 200 https://registry.npmjs.org/@jridgewell/remapping/-/remapping-2.3.5.tgz 2331ms (cache miss)
833 http fetch GET 200 https://registry.npmjs.org/gensync/-/gensync-1.0.0-beta.2.tgz 2424ms (cache miss)
834 http fetch GET 200 https://registry.npmjs.org/debug/-/debug-4.4.3.tgz 2500ms (cache miss)
835 http fetch GET 200 https://registry.npmjs.org/@babel/types/-/types-7.29.7.tgz 2861ms (cache miss)
836 http fetch GET 200 https://registry.npmjs.org/@babel/traverse/-/traverse-7.29.7.tgz 3019ms (cache miss)
837 http fetch GET 200 https://registry.npmjs.org/convert-source-map/-/convert-source-map-2.0.0.tgz 3125ms (cache miss)
838 http fetch GET 200 https://registry.npmjs.org/@babel/helpers/-/helpers-7.29.7.tgz 3191ms (cache miss)
839 http fetch GET 200 https://registry.npmjs.org/@babel/template/-/template-7.29.7.tgz 3222ms (cache miss)
840 http fetch GET 200 https://registry.npmjs.org/@babel/helper-module-transforms/-/helper-module-transforms-7.29.7.tgz 3276ms (cache miss)
841 http fetch GET 200 https://registry.npmjs.org/@babel/helper-compilation-targets/-/helper-compilation-targets-7.29.7.tgz 3386ms (cache miss)
842 http fetch GET 200 https://registry.npmjs.org/ms/-/ms-2.1.3.tgz 3432ms (cache miss)
843 http fetch GET 200 https://registry.npmjs.org/yallist/-/yallist-3.1.1.tgz 3432ms (cache miss)
844 http fetch GET 200 https://registry.npmjs.org/fdir/-/fdir-6.5.0.tgz 3436ms (cache miss)
845 http fetch GET 200 https://registry.npmjs.org/esbuild/-/esbuild-0.25.12.tgz 3436ms (cache miss)
846 http fetch GET 200 https://registry.npmjs.org/scheduler/-/scheduler-0.27.0.tgz 3515ms (cache miss)
847 http fetch GET 200 https://registry.npmjs.org/tinyglobby/-/tinyglobby-0.2.17.tgz 3527ms (cache miss)
848 http fetch GET 200 https://registry.npmjs.org/postcss/-/postcss-8.5.16.tgz 3653ms (cache miss)
849 http fetch GET 200 https://registry.npmjs.org/@babel/generator/-/generator-7.29.7.tgz 3648ms (cache miss)
850 http fetch GET 200 https://registry.npmjs.org/@types/babel__core/-/babel__core-7.20.5.tgz 3899ms (cache miss)
851 http fetch GET 200 https://registry.npmjs.org/lru-cache/-/lru-cache-5.1.1.tgz 4018ms (cache miss)
852 http fetch GET 200 https://registry.npmjs.org/@babel/parser/-/parser-7.29.7.tgz 4106ms (cache miss)
853 http fetch GET 200 https://registry.npmjs.org/@rolldown/pluginutils/-/pluginutils-1.0.0-beta.38.tgz 4164ms (cache miss)
854 http fetch GET 200 https://registry.npmjs.org/@babel/plugin-transform-react-jsx-self/-/plugin-transform-react-jsx-self-7.29.7.tgz 4186ms (cache miss)
855 http fetch GET 200 https://registry.npmjs.org/react-refresh/-/react-refresh-0.17.0.tgz 4207ms (cache miss)
856 http fetch GET 200 https://registry.npmjs.org/@babel/code-frame/-/code-frame-7.29.7.tgz 4218ms (cache miss)
857 http fetch GET 200 https://registry.npmjs.org/@babel/plugin-transform-react-jsx-source/-/plugin-transform-react-jsx-source-7.29.7.tgz 4327ms (cache miss)
858 http fetch GET 200 https://registry.npmjs.org/react/-/react-19.2.0.tgz 4332ms (cache miss)
859 http fetch GET 200 https://registry.npmjs.org/@vitejs/plugin-react/-/plugin-react-5.0.4.tgz 4595ms (cache miss)
860 http fetch GET 200 https://registry.npmjs.org/vite/-/vite-6.4.2.tgz 5199ms (cache miss)
861 http fetch GET 200 https://registry.npmjs.org/@babel/core/-/core-7.29.7.tgz 5480ms (cache miss)
862 http fetch GET 200 https://registry.npmjs.org/rollup/-/rollup-4.62.2.tgz 6003ms (cache miss)
863 http fetch GET 200 https://registry.npmjs.org/react-dom/-/react-dom-19.2.0.tgz 6717ms (cache miss)
864 http fetch GET 200 https://registry.npmjs.org/@esbuild/darwin-arm64/-/darwin-arm64-0.25.12.tgz 7280ms (cache miss)
865 info run fsevents@2.3.3 install node_modules/fsevents node-gyp rebuild
866 info run fsevents@2.3.3 install { code: 1, signal: null }
867 verbose reify failed optional dependency /Users/Apple/Downloads/Github/Hotel-PMS-Web-App/hotel-booking-web/node_modules/fsevents
868 silly reify mark deleted [
868 silly reify   '/Users/Apple/Downloads/Github/Hotel-PMS-Web-App/hotel-booking-web/node_modules/fsevents'
868 silly reify ]
869 info run esbuild@0.25.12 postinstall node_modules/esbuild node install.js
870 info run esbuild@0.25.12 postinstall { code: 0, signal: null }
871 silly ADD node_modules/@types/estree
872 silly ADD node_modules/@rollup/rollup-darwin-arm64
873 silly ADD node_modules/source-map-js
874 silly ADD node_modules/nanoid
875 silly ADD node_modules/@esbuild/darwin-arm64
876 silly ADD node_modules/tinyglobby
877 silly ADD node_modules/rollup
878 silly ADD node_modules/postcss
879 silly ADD node_modules/picomatch
880 silly ADD
881 silly ADD node_modules/fdir
882 silly ADD node_modules/esbuild
883 silly ADD node_modules/escalade
884 silly ADD node_modules/scheduler
885 silly ADD node_modules/yallist
886 silly ADD node_modules/ms
887 silly ADD node_modules/update-browserslist-db
888 silly ADD node_modules/node-releases
889 silly ADD node_modules/electron-to-chromium
890 silly ADD node_modules/caniuse-lite
891 silly ADD node_modules/baseline-browser-mapping
892 silly ADD node_modules/@types/babel__traverse
893 silly ADD node_modules/@types/babel__template
894 silly ADD node_modules/@types/babel__generator
895 silly ADD node_modules/@jridgewell/resolve-uri
896 silly ADD node_modules/@jridgewell/sourcemap-codec
897 silly ADD node_modules/@babel/helper-string-parser
898 silly ADD node_modules/@babel/helper-globals
899 silly ADD node_modules/@babel/helper-plugin-utils
900 silly ADD node_modules/@babel/helper-module-imports
901 silly ADD node_modules/lru-cache
902 silly ADD node_modules/browserslist
903 silly ADD node_modules/@babel/helper-validator-option
904 silly ADD node_modules/@babel/compat-data
905 silly ADD node_modules/jsesc
906 silly ADD node_modules/@jridgewell/trace-mapping
907 silly ADD node_modules/@jridgewell/gen-mapping
908 silly ADD node_modules/picocolors
909 silly ADD node_modules/js-tokens
910 silly ADD node_modules/@babel/helper-validator-identifier
911 silly ADD node_modules/semver
912 silly ADD node_modules/json5
913 silly ADD node_modules/gensync
914 silly ADD node_modules/debug
915 silly ADD node_modules/convert-source-map
916 silly ADD node_modules/@jridgewell/remapping
917 silly ADD node_modules/@babel/types
918 silly ADD node_modules/@babel/traverse
919 silly ADD node_modules/@babel/template
920 silly ADD node_modules/@babel/parser
921 silly ADD node_modules/@babel/helpers
922 silly ADD node_modules/@babel/helper-module-transforms
923 silly ADD node_modules/@babel/helper-compilation-targets
924 silly ADD node_modules/@babel/generator
925 silly ADD node_modules/@babel/code-frame
926 silly ADD node_modules/react-refresh
927 silly ADD node_modules/@types/babel__core
928 silly ADD node_modules/@rolldown/pluginutils
929 silly ADD node_modules/@babel/plugin-transform-react-jsx-source
930 silly ADD node_modules/@babel/plugin-transform-react-jsx-self
931 silly ADD node_modules/@babel/core
932 silly ADD node_modules/react-dom
933 silly ADD node_modules/react
934 silly ADD node_modules/vite
935 silly ADD node_modules/@vitejs/plugin-react
936 verbose cwd /Users/Apple/Downloads/Github/Hotel-PMS-Web-App/hotel-booking-web
937 verbose os Darwin 25.5.0
938 verbose node v24.17.0
939 verbose npm  v11.13.0
940 notice
940 notice New minor version of npm available! 11.13.0 -> 11.17.0
940 notice Changelog: https://github.com/npm/cli/releases/tag/v11.17.0
940 notice To update run: npm install -g npm@11.17.0
940 notice  { force: true, Symbol(proc-log.meta): true }
941 verbose exit 0
942 info ok
